3 0 154 294 
3 1 210 295 
3 2 193 265 
4 3 102 237 298 
3 4 127 250 
4 5 122 165 233 
3 6 131 252 
3 7 105 156 
3 8 164 227 
3 9 136 255 
2 10 249 
2 11 279 
2 12 209 
3 13 129 221 
4 14 115 167 234 
2 15 171 
2 16 225 
3 17 128 203 
3 18 175 239 
3 19 163 264 
3 20 190 281 
3 21 143 259 
2 22 141 
3 23 187 242 
3 24 101 181 
2 25 204 
3 26 114 275 
3 27 126 253 
4 28 182 246 288 
3 29 137 214 
4 30 106 195 263 
3 31 150 254 
3 32 191 223 
2 33 267 
3 34 133 213 
3 35 116 260 
3 36 173 299 
3 37 174 258 
2 38 152 
3 39 144 206 
4 40 166 198 292 
3 41 183 284 
2 42 248 
3 43 180 287 
5 44 109 146 251 296 
4 45 104 188 272 
2 46 177 
2 47 217 
2 48 226 
2 49 247 
3 50 178 256 
4 51 119 229 280 
5 52 130 168 230 270 
4 53 155 238 289 
2 54 224 
3 55 111 205 
4 56 117 160 236 
3 57 194 245 
4 58 110 142 235 
3 59 159 261 
3 60 121 282 
4 61 107 200 273 
4 62 134 207 297 
2 63 219 
3 64 113 216 
3 65 158 215 
3 66 103 169 
3 67 139 228 
3 68 184 278 
3 69 145 257 
4 70 157 220 266 
4 71 147 231 274 
4 72 123 202 262 
2 73 185 
2 74 179 
2 75 161 
3 76 151 241 
3 77 148 286 
3 78 125 211 
2 79 176 
2 80 196 
3 81 186 269 
4 82 118 138 291 
2 83 244 
2 84 140 
2 85 192 
4 86 120 170 276 
3 87 162 240 
2 88 201 
2 89 243 
4 90 132 199 208 
3 91 124 212 
2 92 149 
5 93 100 112 218 283 
3 94 197 290 
4 95 135 222 271 
2 96 232 
4 97 189 268 293 
3 98 172 277 
4 99 108 153 285 
