12 0 734 1346 2060 2400 2518 2862 2957 3358 5442 7688 8040 
29 1 1124 1453 1735 2090 2189 2256 2408 2753 3055 3449 3777 4003 4339 4670 4908 5089 5211 5564 5827 6140 6401 6549 6848 7133 7207 7305 7505 7600 
16 2 599 845 1205 1578 1915 2193 2349 2691 2993 3292 3656 4120 4425 4796 7462 
29 3 732 1113 1791 2041 2234 2631 2811 3079 3576 3802 4121 4446 4790 4968 5220 5410 5655 5861 6149 6366 6428 6667 6769 7099 7356 7675 7861 8014 
24 4 473 947 1308 1652 2133 2646 2949 3303 3628 3738 4176 4518 4640 4925 5359 5582 5847 6198 6509 7251 7664 7790 8044 
24 5 552 922 1087 1643 1872 2222 2409 2799 2956 3070 3168 3495 3594 3895 4286 4663 4772 5141 6079 6193 6371 6943 7108 
21 6 549 1288 1721 2364 2845 3049 3479 3551 3794 4347 4580 5338 5803 6116 6455 6676 7123 7523 7895 8087 
16 7 517 869 1241 1493 1856 2006 2340 2812 3344 4021 4138 5638 7104 7367 7906 
22 8 454 1046 1527 1790 1998 3545 4765 5026 5154 5428 5629 5725 5871 6024 6169 6646 6904 7388 7700 8008 8157 
32 9 417 567 885 1156 1587 1792 1990 2252 2500 2769 3125 3592 3830 4053 4269 4574 4808 5200 5397 5574 5748 5925 6436 6568 6739 6852 7197 7306 7540 7874 8056 
13 10 603 987 1355 1569 1896 2114 2332 2836 3289 3622 3654 5851 
29 11 538 1186 1815 2039 2153 2347 2712 2910 3399 3599 3844 4263 4592 5093 5244 5415 5541 5757 6061 6231 6458 6563 6937 7070 7321 7593 7864 8081 
23 12 623 800 1239 1675 1861 2094 2678 3156 3278 3742 4473 4957 5191 5484 5841 6055 6217 6598 6802 7078 7622 8110 
21 13 606 1072 1271 1717 1948 2367 2596 2859 3061 3683 3875 3961 4186 4301 5844 6886 7278 7487 7673 8026 
12 14 582 1260 1632 1701 1933 2425 2718 5039 7359 7623 8154 
23 15 533 1151 1382 1586 2475 2754 3105 3484 3658 3782 4024 4315 4559 5119 5466 5687 5992 6274 6849 7233 7698 7892 
19 16 546 970 1206 2156 2522 2793 3170 3499 3633 4081 4422 4582 4854 5272 5673 5799 5983 8175 
13 17 565 1071 1441 1545 3304 4703 5017 5476 5740 5962 6422 6686 
28 18 916 1220 1475 1829 2232 2392 2624 2854 3213 3673 3847 4133 4440 4648 5045 5358 5554 5698 5928 6270 6496 6585 6779 6945 7255 7743 8176 
10 19 401 731 1090 1377 2002 2297 3942 5553 7166 
21 20 418 913 1055 1374 1882 2615 3191 3587 3834 3922 4172 4510 5190 5437 6199 6487 6837 6964 7269 7506 
18 21 860 1293 1504 1909 2171 2805 3687 4082 4755 5331 5693 6154 6810 7087 7316 7683 7844 
27 22 580 1136 1253 1672 1941 2182 2684 3097 3333 3567 3823 3901 4254 4627 4846 5193 5516 6002 6110 6254 6611 7012 7185 7310 7823 8138 
14 23 2012 3341 5086 6123 6219 6304 6723 6803 7084 7365 7578 7832 8028 
29 24 645 1019 1127 1443 1724 2022 2312 2722 3057 3275 3338 3686 4071 4524 4678 5009 5186 5560 5728 5986 6258 6592 6708 6999 7294 7564 7751 7954 
11 25 1207 1270 1492 2148 2525 2719 2868 3103 3202 5839 
22 26 735 920 1182 1405 1633 1985 2177 3403 4153 4333 4683 5047 5485 5845 6180 6411 6762 7245 7450 7846 8140 
29 27 667 946 1538 1935 2259 2446 2572 2853 2914 3234 3572 3995 4106 4312 4547 4828 5044 5335 5522 5741 5898 6482 6956 7022 7073 7268 7595 7882 
23 28 491 714 1040 1593 1888 2231 2462 2929 3173 3752 4237 4481 4859 5058 5240 5500 5874 6237 6453 6961 7429 7804 
19 29 528 1054 1330 1765 2044 2385 2595 2735 3376 3618 3870 5214 6444 6642 6843 7154 7500 7912 
24 30 444 1006 1252 1641 1867 2352 2479 2831 3171 3373 3457 3891 4085 4196 4391 4573 5092 5535 5812 6207 7021 7467 7850 
16 31 959 1682 2329 2989 3496 3965 4319 4438 5049 5465 5815 6681 6984 7239 7923 
26 32 664 1025 1340 1688 1938 2291 2669 3585 3846 4063 4382 4556 4835 5096 5301 5406 5551 5899 6213 6635 6809 7115 7603 7735 7966 
24 33 971 1089 1446 1743 2064 2434 2594 2984 3548 4086 4283 4434 4548 5053 5362 5672 5896 6264 6606 6910 7738 7841 8039 
25 34 455 964 1559 1836 2125 2607 2838 2964 3432 4040 4460 4757 5082 5261 5462 5721 6243 6656 6764 6882 7097 7572 7902 8171 
13 35 1003 1243 1518 1986 2458 2783 3056 3708 5641 6907 7425 7899 
20 36 490 941 1162 1409 1730 2255 2673 2865 3152 3426 3736 4195 4325 5552 6747 6930 7141 7280 8023 
26 37 706 1102 1486 2140 2459 2647 2827 3096 3385 3588 4050 4236 4606 4861 5054 5569 5627 5778 6112 6508 6714 6936 7619 7830 8159 
30 38 551 810 1004 1470 1592 1801 2019 2351 2563 2600 2749 3471 3769 3986 4484 4791 4987 5232 5625 5838 6088 6354 6536 7066 7451 7567 7696 7840 8095 
20 39 690 1336 1542 1886 2068 2287 2588 2681 2828 3038 3178 3640 4038 4175 4705 5165 5389 5478 6902 
22 40 934 1056 1476 1914 2239 2481 2986 3637 3956 4232 4718 4954 5150 5322 5707 5911 6233 6416 6896 7189 7697 
16 41 643 1100 1435 1897 2353 2610 2842 3090 3466 3671 3917 4432 4807 5091 7392 
18 42 768 1693 2366 2657 2864 3174 3416 3650 4148 4661 4874 5170 5412 5776 6481 6761 7227 
25 43 887 1305 1537 1994 2276 2443 2824 3044 3257 3719 4194 4435 4952 5345 5677 5937 6312 6565 6743 7145 7604 7737 7900 8072 
11 44 424 948 1467 1983 2306 2784 2887 5229 7736 7985 
21 45 588 1107 1556 2145 2543 2813 3080 3164 3307 3523 3779 4073 4396 4525 4679 6282 7400 7569 7693 8024 
18 46 729 895 1195 1737 2119 2640 2751 3890 5514 6240 6438 6674 7035 7156 7360 7588 8055 
21 47 925 1112 1357 1640 1936 2342 2677 3391 3571 3903 4455 4690 4936 5317 6373 6672 7029 7463 7536 8078 
24 48 1042 1512 1977 2417 2605 2891 3214 3481 3691 3868 4264 4754 5175 5290 5531 5974 6119 6412 6944 7130 7386 7769 8074 
11 49 476 2994 5380 5793 6269 6698 6978 7302 7583 7888 
21 50 703 945 1224 1424 1772 2258 2559 2667 2953 3199 3685 4321 5495 6328 6507 6599 6696 7146 7635 8011 
28 51 652 1174 1589 1850 1954 2318 2584 2732 3069 3159 3524 3749 4383 4715 4978 5276 5459 5642 5772 6083 6248 6537 6808 6983 7592 7910 8141 
12 52 450 1008 1246 2794 4006 5474 6725 7391 7914 8012 8111 
20 53 413 585 951 1651 2027 2635 2746 2809 3186 3522 3652 3784 4134 4612 4893 5001 5444 6778 7984 
17 54 464 1116 1276 1533 2033 2233 2448 3795 5104 5326 5732 6399 7135 7416 7814 8091 
11 55 747 1263 1740 1892 2169 2336 2573 5209 7829 8043 
26 56 460 720 1158 1360 1630 1799 2087 2382 2837 3150 3387 3845 4147 4698 5188 5376 5786 6442 6590 6704 6782 7238 7441 7556 8016 
28 57 626 863 1191 1474 2010 2132 2534 3106 3298 4044 4486 4855 4906 5152 5716 5814 6045 6236 6341 6421 6733 6831 7150 7549 7674 7865 8017 
13 58 650 1197 1391 1741 1997 2184 2620 3944 5446 5614 5780 7028 
22 59 586 894 1429 1793 2111 2733 2879 3242 3540 3905 4251 4436 5005 5463 5852 6139 6402 6695 6893 6952 7075 
26 60 545 631 1343 1571 1902 2134 2851 3327 4091 4296 4414 4572 4997 5265 5486 5808 5984 6102 6501 6940 7136 7508 7602 7692 8037 
21 61 647 1034 1398 1928 2141 2490 2668 3162 3353 3532 3701 3880 4057 4303 4863 5636 5960 6205 6515 7903 
19 62 416 794 1041 1575 1877 2131 2643 2779 2952 3306 3413 3728 4351 4633 4756 4953 5513 7102 
27 63 474 1153 1485 1727 2017 2240 2788 2997 3389 3871 3939 4099 4330 4421 4792 4919 5021 5643 5816 6173 6630 6926 7177 7290 7634 8020 
27 64 510 858 1063 1172 1497 1616 1785 3041 4502 4662 4801 5052 5451 5657 5850 6272 6472 6718 6905 6968 7107 7209 7378 7498 7856 8162 
26 65 523 596 769 1029 1347 1699 2272 2571 2848 3111 3852 4198 4478 4562 4778 4911 5330 5694 6295 6447 6657 7148 7343 7614 8083 
20 66 675 943 2350 3515 4182 4625 4981 5310 5605 5749 6111 6214 6534 6865 7034 7264 7547 7746 8117 
12 67 888 1348 1455 1703 2052 2501 2756 2977 3703 4027 6424 
23 68 447 937 1145 1437 1650 1796 1857 2106 2316 2876 3261 3440 3706 3867 4135 4760 4890 4965 5284 5856 6187 6517 
14 69 718 1023 2644 3704 3967 4127 4727 5246 5794 6346 6645 7249 7464 
19 70 661 853 1015 1747 2472 2759 3335 3510 3865 4131 4311 4581 4838 6098 7201 7445 7712 7813 
25 71 1125 1526 1876 2078 2374 2665 2821 2872 3121 3469 3946 4084 4578 5083 5521 5645 6016 6408 6612 6774 7076 7186 7399 8030 
25 72 554 765 1160 1608 1823 2118 2565 2755 2982 3216 3623 4034 4353 4614 4992 5340 5760 5938 6157 6382 7361 7755 7831 8104 
19 73 618 825 1463 1584 1739 1981 2426 2866 4248 5292 5392 5699 5909 6488 6766 7157 7797 8174 
19 74 813 1315 1529 2917 4158 4681 4930 5075 5243 5517 5804 6247 6557 6799 6948 7322 7591 7909 
12 75 702 1378 1697 2030 2328 2545 2981 3729 5705 7142 7938 
23 76 764 1070 1200 1553 2003 2436 2802 3036 3246 4014 4111 4271 4405 5081 5481 6095 6256 6652 6738 6873 7288 7699 
13 77 604 1067 2966 4937 5528 6066 6343 6719 6941 7187 7507 7940 
18 78 550 1020 1268 1530 1778 3437 4657 4960 5076 5289 5391 5805 6043 6222 6891 7744 8054 
22 79 571 918 1163 1331 1655 2071 2415 2690 3187 3568 3829 4290 4511 4884 5255 5825 6329 6521 7164 7731 7987 
8 80 823 1285 1704 2159 2418 5311 8042 
27 81 633 1257 1570 1937 2277 2715 3059 3328 3533 3893 4095 4536 4889 5128 5231 5447 5661 6177 6374 6622 7079 7308 7512 7753 8136 8164 
19 82 772 1234 1572 1898 2065 2098 2393 2662 2974 3285 3614 5130 6450 6552 6864 7291 7703 8179 
28 83 696 1099 1324 1551 1939 2190 2335 2589 2936 3446 3497 3644 3982 4407 4554 4867 4963 5259 5401 5835 6167 6355 6654 7082 7257 7396 7817 
22 84 799 1536 2038 2112 2931 3613 3892 4157 4456 4714 4920 4995 5342 5640 5895 6353 6756 7152 7637 7787 8177 
25 85 679 1082 1267 1681 2021 2632 2926 3489 3707 3789 4008 4193 4458 4720 5078 5471 6085 6299 6559 6917 7258 7571 7811 8139 
5 86 579 1135 3756 6321 
24 87 436 678 818 962 1508 1828 2036 2284 2601 2706 3028 3764 4017 4262 4763 5217 5558 5634 5987 6253 6418 6643 6834 
16 88 415 859 1143 2292 2995 3269 3427 4041 4184 4474 4557 6500 7661 7886 7989 
13 89 1679 2173 2869 3232 3775 4104 4322 4769 5137 6727 7734 8041 
18 90 750 1392 1942 2499 3063 3475 3791 4164 4437 4682 4913 5343 5751 6009 6395 6745 7826 
28 91 505 817 1171 1560 2008 2699 2890 3085 3425 3771 4132 4304 4499 4699 4789 4974 5407 5498 6040 6202 6522 6797 7041 7247 7502 7710 7946 
24 92 638 911 1251 1736 2444 2882 3493 3715 4035 4355 4601 4696 4860 4998 5542 5724 6215 6388 6702 6868 7326 7627 8076 
21 93 790 1121 1298 1862 2105 2414 2708 2907 3272 4140 4922 5098 5682 5860 6008 6189 6286 6434 6607 7109 
9 94 498 955 1438 1719 1868 2302 2736 5533 
23 95 625 908 1869 2626 2760 3252 3906 4204 4506 4781 5102 5417 5981 6165 6597 6980 7173 7398 7543 7654 7848 8029 
16 96 621 915 1280 1604 2015 3526 4836 5596 6251 6588 6820 7159 7260 7557 7937 
22 97 914 1149 1450 1833 2179 2250 2386 2504 2841 2897 3157 3357 3573 3611 3998 4420 5882 6942 7222 7389 7501 
25 98 654 1193 1454 1668 2013 2230 2599 2874 3016 3226 3626 3809 4357 4782 4990 5346 5746 6104 6491 6824 7183 7625 7812 7921 
16 99 438 1049 1365 1893 2309 2724 3007 3359 3787 4025 4323 4411 6359 7691 7916 
16 100 590 933 1663 2051 2556 2889 3223 3632 3948 4239 4750 4880 5063 5480 7721 
12 101 1005 1333 2085 2346 4309 6127 6596 6989 7421 7550 7716 
23 102 591 930 944 1217 1464 1859 2203 2582 3010 3441 3772 3925 4173 4494 5192 5472 5663 5889 6541 7210 7560 7941 
26 103 402 573 824 1016 1517 2004 2629 2883 3160 3465 3679 4202 4476 5285 5545 5867 6067 6267 6486 6566 6946 7242 7554 7758 8121 
24 104 471 876 1488 1883 2208 2300 2772 3196 3264 3563 4090 4482 4852 5178 5593 5989 6650 6866 7118 7283 7448 7897 8067 
29 105 669 1078 1412 1639 1865 2107 2494 2674 2844 3343 3766 4146 4408 4508 4669 4857 5183 5318 5618 5978 6431 6814 6991 7231 7474 7544 7785 8123 
22 106 681 973 1299 1618 1962 2441 2648 2909 3163 3826 4183 4642 4825 5195 5327 5734 6178 6623 6828 7091 7383 
25 107 411 570 878 1152 1292 1496 1927 2540 2742 3149 3492 4007 4123 4519 4569 4918 5210 5469 5941 6300 6691 7170 7438 8077 
23 108 822 1230 1540 1786 2043 2127 2627 2954 3516 4298 4537 4743 5084 5370 5712 6017 6293 6763 7191 7559 7780 7944 
10 109 548 974 1388 1602 1844 3537 4758 5071 7633 
22 110 744 1432 1716 2192 2485 2892 3177 3408 3864 4377 4620 4822 4983 5291 5620 5759 5966 6022 6275 6467 6960 
18 111 719 2531 3297 3690 4151 4390 5153 5539 5761 6027 6250 6613 6909 7008 7169 7314 7988 
23 112 576 1311 1566 1821 2579 3155 3414 3757 4066 4412 4882 4945 5221 5616 5826 6141 6490 6602 7071 7476 8003 8101 
18 113 801 967 1555 3364 4375 4666 4958 5353 5731 6065 6333 6804 7226 7531 7646 7894 8031 
22 114 568 1142 1484 2054 2359 3110 3610 3776 4358 4797 5115 5467 5710 5888 6211 6368 6584 6918 7056 7551 7990 
14 115 879 1411 2380 2707 2975 3166 3577 3843 3923 4011 5836 7857 8163 
22 116 705 1092 1653 1722 2262 2630 3005 3398 3822 4174 4671 5051 5267 5468 5570 5914 6560 7216 7431 7795 8021 
21 117 518 898 1500 1864 2341 2447 2680 3014 3317 3689 4231 5225 5375 5702 5828 6327 6705 6976 7252 7621 
19 118 435 936 1548 1751 2305 2739 3002 3351 3536 4115 4329 5733 6975 7116 7214 7395 7649 7964 
14 119 563 2550 4144 4824 5163 5328 5487 5717 6156 6502 6661 6830 7458 
23 120 759 847 1222 1522 1756 1974 2268 2449 2720 2901 3050 3305 3511 3631 3797 4119 4597 5059 6699 7818 7950 8153 
28 121 488 999 1297 1816 2253 2422 2820 3182 3277 3630 4045 4136 4457 4628 4985 5372 5566 5580 6048 6419 6626 6867 7033 7311 7641 7772 7993 
13 122 593 1088 1767 1925 2383 2509 2935 3472 3827 5409 6628 7122 
23 123 480 620 1242 1613 1887 2074 2726 3020 3442 3929 4100 4539 5202 5529 5752 5947 6077 6406 6741 7053 7630 8122 
15 124 668 834 1130 1440 1645 2058 2217 2429 2604 2785 2916 3198 3560 6028 
25 125 555 832 997 1247 1359 1742 2040 2311 2577 2833 2898 3115 3185 3615 3836 4105 4229 4360 4626 4868 6423 7538 7636 7999 
24 126 745 1318 1680 1991 2552 2807 3058 3220 3439 4015 4424 4658 4979 5264 5726 5802 6316 6524 6662 7000 7328 7663 8082 
19 127 871 1344 3267 4219 4398 4709 5126 5515 5610 5858 6595 6777 6894 7273 7539 7702 7774 7981 
11 128 452 611 854 1642 2050 2333 2943 3184 3539 5810 
24 129 530 907 1389 1535 1842 2405 3062 3420 3621 3907 4080 4400 4529 4804 5134 5785 6146 6417 6977 7217 7420 7852 8051 
27 130 644 957 1407 1561 1930 2165 2433 3064 3188 3464 3785 4033 4344 4621 4806 4946 5069 5440 5777 6051 6298 6692 7295 7681 7876 8079 
24 131 532 874 1353 1472 1723 1931 2241 2419 2602 2856 3113 3301 3574 3788 4077 4370 4567 4988 5182 5420 5688 5969 7379 
20 132 615 900 1473 2080 2289 2697 2967 3401 3428 3741 4249 5028 5233 5431 5813 6516 7139 7372 7671 
24 133 482 1133 1175 1541 1873 2109 2516 2913 3467 3682 4113 4291 4651 4947 5286 5534 5762 6372 6715 6860 7069 7427 7926 
12 134 422 754 950 1381 3363 4704 5109 5455 5619 6039 7803 
19 135 608 1011 1181 1436 1731 2011 2265 3482 4741 4973 5399 5611 5819 6200 6981 7411 7568 7929 
25 136 445 843 1483 1583 1811 2048 2365 2645 2978 3369 3468 4061 4331 4555 4844 5381 5800 6006 6290 6398 6679 7194 7879 8132 
16 137 1273 1729 1987 2235 2376 2881 3411 3636 3835 4097 4299 4549 4829 6497 8099 
23 138 479 598 921 1426 1958 2224 2282 2520 2675 2928 3146 3725 3919 4189 4443 4737 4870 4951 5120 5313 5578 7111 
16 139 434 710 981 1491 1676 2211 2857 3229 3721 4212 4644 5905 7232 7484 7809 
17 140 758 928 1568 1874 3215 4779 5103 5411 5530 5920 6336 6729 7366 7582 7757 8089 
20 141 792 1043 1199 1648 1849 2229 2634 2797 3145 3759 4453 4787 4948 6100 6780 6858 6939 7039 7206 
23 142 483 676 938 1521 1784 2056 2495 3094 3268 3624 4096 4495 4785 5144 5309 5503 5665 6151 6358 6446 6583 8133 
25 143 561 1045 1394 1745 2073 2404 2652 3123 3255 3606 3663 3947 4313 4441 4685 4840 5234 5394 5936 6060 6649 7086 7275 7711 
26 144 595 942 1210 1387 1758 1964 2325 2519 3001 3641 3987 4155 4302 4513 4786 5035 5279 5719 5837 6161 6555 7064 7428 7660 7949 
20 145 439 767 1269 2042 2839 3346 3480 3693 4242 4940 5390 5601 5862 6181 6687 7473 7647 7889 8114 
24 146 673 1013 1295 1678 1807 1955 2142 2656 2938 3142 3396 4048 5302 5422 5671 5926 6179 6260 6468 6726 6914 7430 7821 
16 147 687 1227 1563 3112 4288 4463 4761 5068 5296 5853 6196 6303 6553 6855 7376 
19 148 730 1176 1490 1970 2482 2880 3045 3167 3444 3669 4226 4584 5100 5436 5795 5954 6463 7994 
25 149 660 861 1075 1427 2081 2846 3139 3326 3582 3774 4489 4841 5023 5199 5368 5730 6005 6334 6457 6511 6847 7129 7410 7833 
23 150 507 1169 1662 1760 2197 2671 2852 3161 3820 4667 4932 5269 5438 5583 5744 5833 6125 6386 6775 7020 7733 8126 
17 151 628 965 1349 1567 1695 2695 3082 3410 3676 4001 4326 4707 4877 5360 5647 5991 
25 152 522 816 1513 2104 2354 2679 3009 3180 3634 4067 4260 4371 4706 4912 5107 5307 5993 6658 6836 7046 7261 7608 7792 7945 
19 153 857 1179 1383 1649 1999 2423 2771 2948 3240 3367 4527 5782 6383 6535 6861 7165 7530 7939 
20 154 406 508 770 1258 1881 2070 2523 3192 3494 3988 4294 4470 5097 5546 5994 6319 6950 7309 7782 
23 155 594 1471 1755 2170 2407 2791 2921 3179 3898 4389 4563 4883 5095 5393 5756 5980 6323 6648 6994 7492 7657 8098 
13 156 663 926 1358 1822 2137 2327 2603 2863 3212 3384 3647 6229 
23 157 569 836 1375 1947 2539 2721 3175 3302 3454 3815 3978 4224 4638 4858 5236 5526 5875 6073 6244 6615 7215 7468 
16 158 610 984 1718 1879 2465 2843 3029 3419 3786 3860 4089 4466 4523 5226 7948 
18 159 440 1037 1961 3000 3109 3417 3627 3726 3876 3999 4246 4520 5854 6958 7393 7868 8093 
19 160 707 1066 1477 1922 3249 4616 4909 5060 5230 5589 6054 6280 6445 6792 7377 7616 7651 8156 
12 161 708 1229 1817 4427 6701 7045 7120 7402 7580 7756 8066 
24 162 684 1279 1657 2110 2435 2832 3054 3352 3580 4125 4449 4677 4996 5260 5727 5998 6176 6356 6685 6765 7125 7714 7975 
19 163 539 1098 1457 1826 2034 2280 2487 2878 3283 3578 5237 6266 6484 6911 7375 7783 8013 8137 
23 164 433 486 1157 1309 1656 2005 2207 2512 3132 3365 3646 3724 3874 4124 4277 4320 4775 5016 5371 6875 7791 8034 
9 165 1024 1565 1880 4542 6979 7248 7626 7862 
15 166 468 751 1255 1399 3883 6103 6212 6474 6832 7077 7299 7454 7798 8071 
28 167 525 846 1219 1579 1969 2218 2517 2927 3003 3251 3430 3884 4092 4433 4795 4950 5523 5644 5863 6068 6249 6538 6783 6876 7085 7344 7662 
22 168 457 1138 1769 2243 2497 2614 2682 3129 3241 3383 3507 4324 4701 5077 5404 5788 6134 6393 6586 6744 7781 
9 169 409 693 1738 2047 2176 4735 7597 7834 
18 170 431 651 1137 1403 1605 1734 1996 2249 2478 2817 3088 4553 5781 5979 7155 7961 8102 
22 171 404 419 541 739 1150 1557 1647 1750 2035 2324 2826 3248 3458 3667 3915 4273 4687 5014 5548 5801 6190 
22 172 461 931 1118 1749 2440 2770 3019 3271 3657 4018 4200 4490 4732 4878 5038 5254 6410 7435 7752 8060 8160 
18 173 748 1202 1410 1628 2226 2437 2593 3331 3723 3960 4338 4491 4652 4834 5321 5649 7184 
20 174 1794 3034 3294 3648 3885 4028 4413 4609 4848 5277 5349 5653 6158 6498 6869 7161 7461 7839 7997 
27 175 544 674 983 1128 1316 1854 2274 2628 2768 3366 3589 3812 4145 4335 4659 4969 5055 5294 5842 6210 6709 6901 7287 7412 7477 7706 
26 176 715 1084 1448 1848 2135 2461 2875 3195 3276 3506 3796 4037 4171 4292 4594 4901 5295 5880 6409 6790 7192 7515 7724 7849 7967 
23 177 420 575 815 1300 1610 2420 2786 2944 3694 4694 5066 5408 5695 5807 6032 6659 6951 7237 7333 7548 7837 7932 
23 178 456 1021 1732 2139 2521 2705 2780 3067 3183 3404 3665 3888 4154 4604 5797 6640 6752 6982 7265 7526 7728 8058 
21 179 988 1216 1858 2761 3074 3308 3487 3770 3840 4058 4753 5179 5337 5563 5817 6318 6571 6974 7485 7904 
14 180 2527 3617 3780 3909 4159 4376 4444 4668 5073 5316 5662 6322 7013 
16 181 408 1018 2765 4152 4461 4885 5003 5263 5400 5664 6255 6554 6773 7044 7362 
29 182 514 803 1032 1212 1487 1797 2204 2886 3165 3361 3557 4252 4745 4962 5367 5667 5779 6000 6159 6227 6404 6639 6863 7114 7553 7805 7847 8108 
24 183 1109 1361 1696 1863 2223 2470 3030 3692 3911 4410 4565 4766 5029 5145 5450 5739 6284 6581 7211 7495 7590 7866 8053 
22 184 704 855 1094 1543 2086 2260 2402 2641 2988 3151 3360 3743 4060 4503 4783 4881 5117 5591 5764 6216 6377 
18 185 559 1057 1418 1599 2014 2213 2331 2713 2900 3032 3116 3478 4160 4218 4619 4941 7153 
23 186 632 807 1413 2209 2460 2685 2918 3334 4056 4419 4926 5681 5831 6113 6357 6684 7090 7418 7666 7819 7890 7956 
25 187 536 809 1074 1480 1918 2345 2870 3084 3451 3629 3963 4042 4399 4564 4832 5133 5448 5646 6195 6562 6899 7348 7730 7898 
17 188 516 787 1237 1766 2136 2664 2976 3362 4708 6091 6224 6454 6749 6895 7397 7778 
24 189 840 1321 1746 2196 2498 2963 3124 3176 3508 4268 4587 4686 4917 5131 5249 5356 5538 5834 6310 6510 6693 6913 7694 
20 190 649 924 1211 1495 1852 2269 2808 3590 3887 4570 4972 5325 5879 6072 6624 7027 7436 7880 8088 
20 191 905 1390 1684 1965 2116 2372 2609 3033 3147 4664 6047 6183 6405 6841 6963 7175 7419 7680 8146 
22 192 495 902 1621 1946 2334 2790 3243 3500 3672 3798 3996 4459 4577 4856 5050 5203 5395 5654 6071 6238 7555 
21 193 597 877 1061 2428 3053 3081 3562 3896 4043 4509 4649 5129 5379 5637 6174 6324 6811 7019 7479 7759 
17 194 808 1114 3035 4026 4392 4768 5160 5351 5454 5692 5961 6278 6578 7030 7565 7934 
17 195 640 972 1254 1439 1952 2362 2493 2723 3071 3491 5669 6731 6969 7336 7532 7799 
16 196 867 1654 2082 2729 3193 4688 5965 6121 6339 6547 7407 7521 7807 8036 8169 
28 197 686 1225 1581 1788 2113 2216 2670 3104 3625 4036 4225 4359 4517 4837 4944 5304 5592 5652 6011 6239 6533 6862 6985 7246 7475 7652 7983 
13 198 873 2381 3913 4098 4336 4711 4869 5238 5482 5951 6143 7414 
21 199 827 896 1002 2403 3598 3853 4101 4207 4535 4596 4776 4915 5271 5439 5720 5870 6208 6887 7659 8105 
17 200 481 820 2999 5398 5483 5670 5972 6144 6317 6394 6558 6826 7106 7394 7858 8063 
16 201 469 724 998 1341 1934 2476 3236 3727 3914 4235 4608 4949 6347 7446 7784 
27 202 547 738 1233 1401 1753 2057 2489 2741 2960 3144 3256 3803 4012 4545 4751 5216 5505 6052 6163 6268 6477 7017 7345 7617 7766 7995 
12 203 3119 5675 5933 6148 6479 6550 6900 7112 7274 7577 8127 
18 204 407 578 1091 1228 1851 2188 2427 2795 3122 3445 3900 4308 4811 5461 5908 6403 7742 
19 205 427 989 1327 1627 1884 2128 2686 2951 4615 5595 5869 6044 6389 6690 7089 7381 7669 7884 
16 206 709 1053 1196 1338 1577 1687 1843 2227 2396 2536 2766 2979 3321 5685 8100 
7 207 835 2473 3877 4469 6480 8068 
23 208 777 1262 1544 1805 2095 2275 2710 3329 3855 4076 4485 4819 5189 5460 5995 6197 6776 6938 7230 7514 7793 8103 
11 209 688 1284 2932 4307 4415 4800 5169 5678 5886 7405 
27 210 581 1123 1313 1619 1827 2097 2326 2619 3153 3219 3518 3740 4126 4552 4742 4865 5146 5581 6025 6209 6439 6713 6927 7289 7478 7773 
21 211 1509 1968 2215 2676 2937 3235 3739 4284 4896 5057 5282 5650 6126 6311 6637 6921 7204 7491 7658 8086 
21 212 1026 1611 2100 2514 3039 3375 3730 4046 4504 4725 4892 5181 5598 6081 6305 6682 6786 7036 7460 7762 
16 213 465 691 1083 1372 1466 1943 2221 2454 3092 3579 3696 5257 6988 7528 8007 
24 214 553 1238 1669 1921 2251 2590 2919 3093 3190 3355 3503 3872 4020 4280 4551 5048 5419 5635 6160 6663 6920 7095 7325 
19 215 572 932 1502 1890 2062 2237 2942 3356 3604 3954 4245 4631 4847 5024 5559 5922 6090 7648 
12 216 968 1159 3555 6029 6206 6432 6789 6853 7119 7612 8032 
29 217 893 1047 1351 1658 1802 2151 2339 2492 2745 3107 3270 3325 3793 4000 4406 4938 5196 5373 5766 5939 6056 6512 6781 7018 7297 7533 7822 7951 
11 218 1960 3381 4984 6342 6641 6798 7055 7218 7750 8061 
21 219 612 864 1459 2387 2688 2782 3136 3509 3869 4354 4693 5087 5344 5864 6279 6703 6871 7137 7329 7854 
23 220 680 1287 1600 1762 2016 2304 2871 3332 3436 3593 3807 4190 4428 4624 5218 5540 5884 6241 6669 7031 7638 7969 
19 221 642 866 1215 1596 1771 1980 2121 2445 4310 5425 5767 5952 6344 6616 7180 7488 7754 8173 
11 222 458 726 1419 1614 1885 2238 2486 3918 4646 6426 
22 223 635 839 1165 1449 1607 1754 2072 2210 2295 2569 2825 3379 3619 3966 4417 5857 6995 7470 7777 8062 8165 
20 224 721 982 1326 1711 1810 1866 2477 2687 3026 3254 3561 3709 5172 6694 7105 7370 7574 7878 8149 
23 225 513 901 1154 1428 2066 2453 2658 2858 3203 3406 3620 4107 4479 4713 4991 5509 6087 6710 6949 7176 7631 8001 
20 226 659 1134 1266 1373 1773 2285 2702 2959 3490 3781 3866 3972 4317 5567 6531 6859 7317 7747 8106 
27 227 713 991 1402 1612 1875 2199 2505 2757 3089 3284 3565 3651 3945 4362 4593 5027 5106 5378 5743 6012 6530 6844 7043 7219 7447 7707 
32 228 462 746 929 1213 1889 2273 2424 2496 2803 2971 3244 3336 3397 3527 4009 4233 4403 4635 5025 5235 5497 5722 5829 6117 6349 7051 7371 7566 7677 8025 8161 
7 229 995 1626 3564 4749 5067 6740 
16 230 996 1461 1713 2399 2583 3102 3400 3601 3810 4373 5022 5266 5429 5628 5903 
25 231 627 954 1117 1328 1462 1995 2313 2580 2945 3319 3569 3904 4243 4622 5013 5161 5556 5945 6164 6499 7004 7198 7589 7918 
20 232 459 756 1168 1384 1795 2144 2564 2781 3048 3291 4591 5704 5963 6120 6261 6495 7088 7682 8049 
18 233 1809 2158 2456 2704 3015 3463 3731 4210 4726 5064 5626 6314 6572 6903 7100 7718 8142 
20 234 600 1189 1546 3076 4166 4546 4759 5037 5112 5197 5765 5940 6063 6289 6546 6678 7200 7827 8064 
15 235 657 1069 1406 1860 2323 2592 3006 3452 3668 3767 4793 6812 7863 8150 
25 236 497 975 1277 1588 1871 2373 2860 3172 3485 3792 4029 4576 4805 4891 5149 5334 5892 6235 6567 6954 7404 7644 7908 8097 
25 237 470 985 1458 1781 2245 2344 2774 3189 3581 3702 4197 4598 4833 5006 5228 5384 6003 6221 6564 6916 7190 7520 8002 8112 
17 238 589 1264 1594 2117 2263 2639 2930 3225 4575 6135 6348 6816 7174 7504 8046 8170 
22 239 426 641 2029 3380 3542 3710 3873 3969 4103 4169 4475 4897 5072 5584 5820 6220 6689 7060 7457 7893 7977 
18 240 1763 3018 3350 3700 3943 4366 4851 5125 5252 5518 6004 6519 6906 7032 7228 7601 7991 
18 241 666 2267 3370 3462 3596 3828 4334 4599 5042 5314 5624 5976 6475 6851 7058 7319 7655 
18 242 556 1030 1272 1501 1840 2037 2430 4167 5904 6155 6525 6767 6923 7149 7387 7796 8038 
31 243 743 1218 1644 2103 2214 2752 2940 3279 3447 3732 3937 4088 4343 4454 4849 4989 5251 5527 5753 6097 6360 6574 6721 6996 7038 7339 7440 7594 7676 7872 
19 244 543 833 1317 1549 1975 2348 2611 2806 3550 3824 5187 6271 6469 6609 6772 6897 7279 7433 
16 245 403 629 1097 1395 1574 1757 2183 2288 4170 5544 5809 6257 6770 6932 7347 
25 246 529 804 1177 1689 1959 2463 3349 3546 3761 3833 4462 4702 4843 4982 5213 5305 5489 5917 6352 6556 6580 6922 7202 7432 
23 247 740 1058 1444 1900 2083 2413 2908 3517 3549 3818 4078 4586 5156 5621 6234 6340 6746 7124 7337 7869 8015 8178 
12 248 492 2958 5268 5703 5977 6351 6569 6788 7093 7459 7838 
28 249 830 1122 1278 1451 1677 1904 2167 2655 2925 3377 3659 3955 4150 4465 4923 5280 5453 5735 5955 6188 6716 6933 7127 7517 7629 7845 7891 
15 250 503 856 1296 1660 2290 2716 2947 3330 3717 3977 4093 4305 4471 6754 
20 251 682 844 1161 1514 1776 2701 3091 3763 4205 4770 5111 5386 5658 6145 6734 6884 7272 7606 7931 
25 252 467 733 1132 1558 1808 2321 2617 2911 3318 3534 3959 4423 4746 5080 5543 5901 6023 6532 6675 6885 7050 7490 7901 8158 
25 253 605 1623 2055 2264 2558 2830 3083 3227 3783 4266 4363 4639 5002 5157 5585 5711 6192 6337 6593 6755 7282 7653 7855 7962 
25 254 797 1007 1550 1726 2028 2126 2378 2666 2877 3354 3695 3934 4117 4380 4798 4935 5074 5224 5414 5787 6109 6493 6551 6753 
21 255 662 811 1106 1290 1515 1891 2200 2762 3197 3339 3616 3808 4074 4540 4827 5148 5341 5684 5968 7610 
20 256 557 812 1167 1635 1839 2212 4211 4903 5176 5623 5821 6505 6796 7016 7182 7596 7723 7871 8119 
15 257 501 1214 1505 1932 2371 2663 3135 3718 4069 4480 4905 5070 5441 7971 
23 258 761 1017 1248 1371 1728 1913 2301 2561 3060 3660 3899 4122 4613 4961 5219 5464 5613 5796 6049 6309 6872 7110 
11 259 899 1256 1595 1967 2162 2528 5040 7113 7800 8144 
18 260 616 829 1096 1416 2024 2279 2480 3148 3263 3434 3773 4387 4842 5174 5755 5975 7131 
26 261 737 1183 1552 1820 2045 2143 2511 2653 3077 3286 3320 3817 3975 4247 4543 4773 5288 5502 5996 6122 6283 6471 6673 6971 7196 
20 262 502 760 1103 1261 1580 1845 2150 2303 2551 2906 3031 3415 3456 3639 3889 4346 4467 5919 7537 
6 263 499 2298 4070 5604 7147 
26 264 624 1422 1951 2149 2261 2714 3013 3310 3612 3930 4187 4356 4532 4894 4994 5164 5550 5770 6014 6414 6668 7023 7318 7695 7959 
14 265 763 1187 1479 1768 2194 2471 2789 3065 3324 3760 5855 7887 8128 
23 266 463 753 1110 1282 1819 2244 2506 2750 3072 3315 3705 4530 4907 5046 5241 5603 5910 6287 6728 6947 7534 8090 
15 267 886 1294 1520 1783 1973 3390 4895 5184 5490 5651 6152 6647 7350 7933 
12 268 698 1590 2007 2941 3483 3677 3970 4250 4468 4887 7645 
19 269 774 1146 2616 3819 4168 4345 4695 5206 5435 5691 5878 6133 6427 6880 7406 7656 7877 8057 
25 270 558 1170 1342 1920 2115 2515 2693 3513 3927 4259 4429 4673 4955 5056 5492 5659 5923 6015 6573 6821 7083 7354 7518 8004 
26 271 701 958 1120 1198 1634 2001 2442 2822 3295 3382 3595 3804 4180 4275 4712 5122 5510 5608 6101 6315 6513 6962 7351 7643 8006 
17 272 564 960 1108 1564 2228 2547 2905 3288 4369 4956 5245 5868 6793 7244 7605 7915 
18 273 484 766 2202 3586 3837 4222 4497 4724 5008 5457 5913 6437 6545 6908 7250 7764 7953 
24 274 512 802 1009 1666 2069 2553 2933 3378 3675 3886 4114 4352 5352 5784 6038 6292 6429 6805 7096 7382 7717 7853 8116 
20 275 587 749 1001 1223 1417 1706 2421 2636 2798 2973 3138 3638 5041 5736 6089 6461 6589 6750 6912 
21 276 453 842 884 1433 2254 2696 3011 3282 3591 3973 4416 4780 5168 5632 5887 6232 6700 6835 7037 7599 
30 277 677 828 1325 1779 2025 2450 2700 2829 2961 3204 3556 3799 3921 4054 4365 4602 4927 5090 5413 5504 5690 5997 6390 6608 6800 6993 7240 7456 7835 
26 278 630 849 1245 1478 1949 2322 2411 2818 3201 3313 3519 4016 4267 4493 4933 5061 5166 5506 5824 6124 6604 6840 7143 7513 8010 
8 279 425 979 1376 3392 5332 6722 7771 
20 280 487 789 1400 2271 2597 2775 2894 3314 3712 3958 4064 4142 4483 5988 6621 7048 7259 7802 8080 
24 281 602 890 1050 1291 1408 1770 2219 2546 3095 3262 3488 3862 3997 4083 4255 4862 5258 5532 6064 6506 6856 7068 7561 
16 282 520 584 1397 1825 2059 2315 2814 3046 3473 3744 3936 5697 7642 7842 8118 
27 283 534 736 1203 1528 1694 1944 2439 2804 2990 3287 3393 3664 3857 3940 4402 4655 5108 5590 5846 5967 6291 6822 7117 7330 7739 8120 
22 284 699 1105 2612 3120 3535 3714 4156 4526 4618 4748 5000 5686 6050 6297 6629 6915 7052 7358 7640 7794 8096 
17 285 655 912 1319 3127 4162 4538 4826 5247 5524 5689 5915 6147 6483 6736 7126 7355 
16 286 446 1085 1414 1709 2130 2574 2709 4179 5180 5278 5512 5791 5959 6252 7968 
14 287 848 882 1093 1339 3814 6058 6473 6785 7254 7469 7665 7925 8113 
29 288 472 613 1597 2205 2286 2488 2730 3073 3221 3607 3832 4062 4206 4381 4660 5142 5333 5561 5964 6162 6332 6443 6619 6807 6957 7236 7373 8180 
26 289 442 1119 1846 2088 2585 2777 3402 3670 3856 4110 4374 4498 4747 5136 5547 5768 5916 6118 6518 6987 7276 7628 7820 7963 8075 
29 290 540 741 1080 1380 1824 2000 2356 2606 2847 3258 3372 3547 3928 4270 4550 4752 5033 5256 5299 5475 6106 6338 6587 6829 7158 7293 7763 8155 
19 291 711 909 1310 1620 1878 2363 2474 2934 3233 3448 3680 4052 4717 6035 7307 7624 7860 8131 
24 292 478 780 1249 1468 1674 1837 2247 2698 3042 3498 3699 4261 4653 4767 5110 5418 5576 5822 5930 6308 6529 6784 7015 
10 293 583 986 1534 1855 4684 7006 7331 7510 7870 
30 294 500 821 927 992 1236 1524 1895 2163 2533 2711 2950 3100 3501 3800 3932 4143 4234 4404 4831 5099 5456 5607 5763 6440 6618 7094 7935 8033 8172 
11 295 493 1101 1231 1671 1950 2075 2484 2939 4924 7270 
27 296 449 728 990 1345 1507 1667 1780 2198 2622 2867 3118 3486 3746 4130 4241 4630 5173 5575 5921 6033 6276 6636 6819 7422 7563 7952 
22 297 851 1147 1352 1582 2389 2608 3027 3470 3753 3991 4178 4372 4505 4802 5430 5946 6301 6850 7480 7579 8070 
25 298 637 796 1052 1350 1617 1924 2152 2397 2810 3078 3293 3806 3920 4265 4533 4744 5320 5775 6041 6288 6543 7010 7426 7741 
22 299 634 1204 1976 2390 2625 2987 3433 3849 4558 4716 5151 5630 5865 6171 6362 6925 7256 7332 7806 7974 8124 
16 300 437 1178 3266 4445 4561 4942 5385 5577 5949 6494 6680 7047 7312 7667 7942 
23 301 1144 1510 1775 2138 2395 2502 3200 3514 3750 4022 4634 4928 5242 5423 5714 6062 6375 6470 6888 7040 7168 7632 
26 302 577 752 1044 1447 1830 2079 2398 2535 2731 2969 3477 3643 4109 4215 4450 5312 5771 6020 6381 6833 6898 7132 7390 7687 8134 
28 303 755 1141 1421 2102 2270 2776 3066 3474 3609 3902 4128 4426 4710 4943 5116 5382 5999 6136 6246 6326 6617 6955 7203 7415 7618 7881 8085 
27 304 566 795 1221 1573 1834 2108 2343 3210 3554 3711 3931 3957 4384 4740 4815 5139 5329 5594 5683 6099 6577 6825 7271 7570 7965 8094 
9 305 978 3461 5893 6128 6504 6614 7011 7581 
7 306 2983 5789 6080 6302 6591 8018 
16 307 617 773 2920 4921 5123 5339 5783 6069 6379 6575 6931 7253 7558 7824 8045 
24 308 506 880 1332 1661 1945 2160 2377 2555 2801 3052 3345 3751 4500 5477 5830 6185 6361 6542 6823 7140 7509 7615 7816 
25 309 448 906 1062 1303 1953 2281 2379 2968 3237 3476 3755 4238 4762 5043 5287 5674 5929 6132 6430 6838 6998 7072 7298 7609 
12 310 1831 3423 3531 3935 4348 4512 4818 6460 7709 7928 8130 
17 311 2201 3541 3747 3980 4447 4689 5306 5745 5957 6313 6651 6881 7128 7401 7584 7867 
29 312 716 919 1232 1420 1708 2023 2307 2586 2924 3154 3528 3790 4047 4165 4501 4721 4910 5088 5354 5572 5935 6201 6478 6666 6967 7229 7727 8050 
23 313 980 1077 1481 2076 2337 2861 3130 3274 3424 3737 4253 4571 4886 5114 5508 5881 5970 6365 6883 7403 7679 8151 
21 314 717 1073 1664 1906 2266 2613 2743 2962 3108 3290 3649 3941 4240 4588 5885 6959 7292 7471 7670 7960 
25 315 521 683 977 1603 1993 2330 2915 3158 3418 3733 4191 4611 4939 5494 5958 6036 6392 6579 6660 6846 7134 7489 7761 8115 
19 316 443 781 872 2562 3813 4188 4397 4647 5222 5565 5622 6010 6277 6570 6806 7003 7524 8059 
23 317 782 1036 1312 1396 1715 2046 2154 2544 3086 4257 5308 5525 5713 5924 6075 6376 6732 6934 7002 7262 7585 8035 
26 318 917 1250 1404 1539 1752 1978 2451 3043 3250 3521 3878 3981 4216 4583 4817 5032 5470 5953 6449 6670 6990 7384 7466 7708 7998 
26 319 665 783 1031 1164 1430 2096 2764 2912 3181 3502 3985 4295 4632 5177 5270 5355 5499 5738 6228 6528 6758 7007 7286 7483 8147 
18 320 723 1698 1979 2319 2587 2955 3342 3553 4004 4477 4672 5065 5201 5443 5747 6230 6527 
27 321 526 961 1148 1362 1690 2161 2483 2834 3117 3459 3529 3765 3976 4418 4691 5300 5511 5612 5918 6225 6815 6973 7162 7503 7927 8166 
23 322 712 1547 1761 1908 2314 2661 2904 3133 3211 3583 4075 4230 4560 4898 5639 6150 6712 7234 7472 7770 8022 8152 
21 323 963 1051 1415 1841 1957 2296 2692 3012 3280 3661 3962 4340 4731 4816 4899 5121 5369 5573 6707 7917 
14 324 788 1329 1585 1901 2120 2375 2660 5127 7409 7573 7722 8005 8168 
18 325 494 1022 2469 3438 3953 4401 4788 5424 5715 5883 6350 6878 6966 7369 7527 7875 8135 
21 326 592 1283 1702 2032 2570 2815 3126 3296 3698 3910 4149 4516 4914 5147 5676 6456 6737 6928 7342 7775 
14 327 793 969 1452 1899 2541 3990 5555 5897 6131 6631 7057 7417 7836 
24 328 670 956 1111 1625 2172 2576 2840 3134 3842 3926 4316 4531 4723 4966 5094 5537 5849 6114 6503 7098 7212 7516 7978 
14 329 639 852 1598 1806 2185 2406 2902 3407 4030 4276 4528 6031 7924 
20 330 653 798 1659 2355 2568 2849 3205 3558 3811 4059 4281 4730 5124 5615 6245 6735 7301 7672 7973 
14 331 496 692 897 1065 1259 1562 2174 2384 4814 7296 7689 7885 8167 
29 332 778 1184 1386 1465 1685 2164 2357 2537 2737 2985 3137 3453 3851 3971 4177 4676 4967 5293 5701 6001 6070 6441 7163 7442 7576 7740 7825 8092 
17 333 531 805 1140 2747 4256 4617 4719 4934 5205 5298 5586 5891 6653 6970 7121 7453 
21 334 695 940 1469 1832 2049 2529 2819 3347 3697 3897 4129 4300 4442 4809 4976 5253 5501 5769 5843 5982 
29 335 509 775 1033 1370 1489 1576 1748 1870 2206 2491 3259 3684 3854 4094 4201 4395 4600 4871 5140 5890 6107 6396 6845 7304 7704 7883 7955 8069 
19 336 742 1289 1912 2225 2557 2850 3431 3859 4005 4590 5248 5602 5942 6108 6476 6724 7327 7482 
25 337 689 841 1068 1265 1423 1789 2623 3299 3337 3924 4102 4185 4368 4579 4812 5315 5656 5876 6086 6285 6620 6870 7101 7575 
28 338 619 1244 1532 1691 1988 2299 2683 2922 3260 3635 4108 4378 4514 4692 5010 5323 5488 5599 5848 6166 6307 6523 6795 7313 7449 7607 7913 
19 339 870 1334 1615 2166 3021 3218 3512 3993 4217 4328 4623 4845 5303 5562 6671 7368 7725 8052 
26 340 786 1201 1323 2026 2431 2787 3194 3543 3894 4023 4278 4729 4850 5113 5273 5374 5823 6194 6433 6625 6817 7341 7586 7786 8145 
16 341 601 1209 1705 2308 2992 3597 3863 4214 4656 4980 5158 5648 6129 6664 7061 
18 342 537 923 2432 3395 3841 3951 4087 4595 4888 5283 5507 5742 6711 7349 7493 7620 7873 
22 343 432 1139 1364 1744 2370 2650 2899 3169 3538 3838 4274 4733 4964 5171 5631 6170 6634 7103 7380 7726 7907 
26 344 697 784 1523 1720 1963 2317 2542 2773 3368 3758 4361 4993 5155 5427 5832 6057 6294 6605 6857 7024 7199 7385 7587 7896 8047 
12 345 412 892 1095 1511 1725 2053 4566 6935 7494 7905 8019 
22 346 814 1185 1425 1531 1787 2091 2578 2888 3206 3460 3754 4019 4244 4534 4674 4736 6105 7221 7267 7701 7979 
19 347 430 776 1393 1907 2067 2186 2510 2972 3394 3642 3861 5383 6677 7014 7338 7685 7828 8027 
24 348 671 826 1035 1624 1818 2187 2538 2792 3247 3603 4079 4289 4448 4864 5204 5324 5588 5811 6186 6632 6827 7042 7444 
32 349 524 1059 1369 1673 1800 2089 2513 2633 2823 3217 3443 3559 3879 4161 4349 4665 4738 4959 5135 5405 5668 5990 6092 6203 6425 6464 6720 7138 7277 7650 8009 
13 350 1208 2970 4199 4386 4734 5138 5696 5872 6074 6325 6801 7284 
20 351 904 1320 1992 2452 2598 2800 3087 3224 3605 4010 4181 4794 4975 5347 5774 6030 6218 6397 6879 
21 352 831 1307 1646 1923 2467 2873 3273 3530 4068 4774 5587 5792 6013 6226 6627 6839 6992 7065 7424 7943 
21 353 700 1126 1431 2031 2548 3075 3231 3371 3848 4492 5101 5336 5700 5956 6142 6540 7026 7172 7352 7859 
28 354 868 1275 1385 1853 2178 2530 2996 3143 3552 4055 4213 4393 4452 4521 4645 4902 5275 5361 5818 5894 6175 6465 6924 7213 7300 7529 7684 
20 355 423 672 875 1314 1637 1812 2124 2455 2744 3023 3688 4039 4141 4385 4931 5239 5491 5985 7179 
23 356 881 1665 1911 2063 2410 2694 3114 3600 3881 4350 4430 4700 5007 5143 5387 5633 5932 6223 6492 6600 7320 7986 
22 357 410 622 1104 1356 2180 2457 2748 3024 3141 3230 4464 5557 6007 6367 6594 6972 7303 7542 7705 7982 8109 
15 358 614 1155 1774 2061 2412 3821 5034 5348 5973 6265 6520 7181 7562 7789 
26 359 405 562 837 1115 1456 1764 2220 2728 3140 3311 4051 4515 4585 4675 5167 5402 5600 5723 5877 6415 6768 7074 7481 7611 7767 
26 360 648 949 1367 1804 2122 2816 3025 3316 3450 3575 3748 4031 4192 4439 4820 5132 5416 6019 6452 6760 6997 7193 7715 7920 8065 
18 361 762 1190 3068 3983 4318 4451 4541 4784 5020 5297 5449 5754 6153 6576 7001 7205 7613 
16 362 1188 1498 2009 2567 2998 3566 4065 4810 5617 6082 6191 6459 6818 7080 7719 
11 363 694 1445 1692 1847 2394 2581 4970 7285 7765 7911 
13 364 2191 3662 4379 4823 5250 5571 6021 6380 6748 6889 7364 7779 
18 365 574 935 1516 1905 2242 2717 3839 4279 4728 4986 5162 5388 5597 6172 6514 7171 7346 
18 366 428 838 1027 2532 3716 3882 4032 4258 4929 5319 5433 5737 6034 6204 6370 6610 8084 
14 367 1014 1525 1956 3312 5030 5458 5729 5950 6603 7092 7434 7843 8073 
15 368 2084 3653 3850 4227 4306 4629 5357 5971 6263 6448 6683 7160 7497 7976 
27 369 656 1012 1306 1460 1622 1903 1982 2246 2654 3455 3816 3968 4314 4610 4777 5085 5194 5363 5708 6042 6435 6742 6842 7059 7598 7678 
28 370 429 489 1048 1166 1434 1700 2181 2358 2618 2884 3051 3340 3805 4163 4367 4697 5018 5365 5709 5948 6094 6330 6526 7188 7263 7545 7713 
10 371 646 785 1081 1366 1629 1894 2361 2591 5666 
23 372 542 1038 1322 2020 2236 2507 2885 3209 3602 3933 3992 4327 4507 4916 5207 5479 6115 6420 6688 7067 7374 7808 
11 373 607 1000 3544 5859 6306 7009 7243 7525 7745 7957 
24 374 515 865 1235 1609 1916 2101 2294 2401 2689 2893 3238 3429 3825 4072 4589 4900 5452 6026 6130 6281 6548 7334 7930 
18 375 910 1304 1638 1813 2099 3323 4203 4293 4487 4568 4830 5281 6384 6813 7220 7546 7980 
23 376 504 976 1194 2360 2638 2896 3645 3831 4209 4472 4739 4879 5011 5262 5396 5706 5906 6096 6462 7062 7408 7720 
25 377 757 819 1286 1798 2077 2283 2642 3348 3409 3720 3984 4272 4522 4650 4872 5473 5549 5931 6320 6877 7353 7496 7851 8143 
20 378 535 1086 1379 1591 1835 2320 2554 2637 2923 3253 3722 4116 4364 4654 5036 5227 5426 6076 6544 
26 379 1010 1506 1712 1984 2129 2310 2767 3037 3222 3713 3949 4208 4853 5004 5212 5377 5943 6184 6451 6757 6929 7223 7363 7748 8000 
26 380 421 685 1064 1363 1782 1972 2147 2740 3008 3666 3950 4002 4282 4544 4636 5079 5520 5934 6413 6601 6986 7315 7541 7732 8048 
19 381 771 953 1028 1354 1940 2503 2725 2895 3131 3412 3608 5434 6771 7081 7266 7452 7810 7970 
27 382 891 1173 1368 1606 1919 2368 3047 3228 3422 3681 4013 4139 4297 4496 4876 5421 5609 5758 6137 6296 6385 6582 6919 7049 7195 7801 
25 383 466 791 993 1060 1494 1670 2388 2778 3040 3239 3322 3778 4388 4643 4771 5015 5185 5496 5873 6262 6644 7241 7535 7947 
20 384 1335 2175 2468 2835 3265 3762 3994 4221 4605 5019 5364 5773 6037 6363 6854 6965 7323 7552 7788 
14 385 485 511 850 1302 1714 1838 2155 2575 2758 4799 7225 7519 7996 
27 386 477 952 1631 1733 1989 2146 2560 2727 3128 3435 3734 3908 4112 4337 4813 4875 5159 5750 6078 6364 6561 6791 7178 7235 7749 8125 
14 387 722 1129 1499 1803 3245 4637 5215 5493 5866 6242 6638 6751 7025 
10 388 1192 3768 6046 6369 6697 6890 7167 7340 7760 
19 389 1180 1686 1926 2416 2738 2855 3101 3504 3979 4287 4431 4803 4904 5208 5432 5790 6018 7413 
24 390 451 883 1240 1777 2195 2369 2438 2651 3017 3505 3678 3858 4228 4603 5350 5912 6400 6485 6633 7005 7423 7690 7972 
28 391 527 658 939 1076 1281 1707 2018 2464 2659 2703 2965 3099 3386 3584 3735 3964 4641 4977 5568 5679 6391 6794 7324 7486 7776 7919 8148 
27 392 609 1274 1503 1759 2093 2293 2524 2991 3388 4137 4342 4488 4839 5223 5660 5944 6053 6331 6539 6874 7144 7281 7455 7668 7922 8129 
14 393 636 1442 2248 2549 2980 3207 5031 6378 6787 7054 7465 7639 7815 
29 394 414 779 862 1079 1337 1554 1971 2123 2466 2734 3004 3208 3421 3655 4049 4394 4680 4971 5366 5680 5902 6093 6387 6759 7151 7443 7729 7992 
23 395 560 727 1039 1519 1966 2092 2649 3374 3974 4220 4873 5118 5403 5840 6138 6407 6655 6730 6892 7224 7499 7686 
30 396 400 903 1131 1710 1917 2168 2391 2526 2621 2796 3098 3309 3405 3745 3938 4118 4341 4764 4999 5198 5536 5806 6059 6335 6706 7063 7208 7357 7522 
28 397 441 966 1226 1482 1683 1929 2157 2338 2903 3300 3570 3916 3952 4285 4409 4821 5062 5579 5798 5907 6182 6273 6466 6953 7437 7768 8107 
28 398 519 725 994 1601 1814 2257 2672 2946 3281 3520 3674 3912 3989 4332 4607 4866 5012 5274 5445 5718 5900 6168 6345 6489 6665 7439 7936 
26 399 475 806 889 1301 1636 1910 2278 2508 2566 2763 3022 3525 3801 4223 4722 5105 5519 5606 5927 6084 6259 6717 7335 7511 7958 
