1 0 
1 1 
1 2 
1 3 
1 4 
1 5 
1 6 
1 7 
1 8 
1 9 
1 10 
1 11 
1 12 
1 13 
1 14 
1 15 
1 16 
1 17 
1 18 
1 19 
1 20 
1 21 
1 22 
1 23 
1 24 
1 25 
1 26 
1 27 
1 28 
1 29 
1 30 
1 31 
1 32 
1 33 
1 34 
1 35 
1 36 
1 37 
1 38 
1 39 
1 40 
1 41 
1 42 
1 43 
1 44 
1 45 
1 46 
1 47 
1 48 
1 49 
1 50 
1 51 
1 52 
1 53 
1 54 
1 55 
1 56 
1 57 
1 58 
1 59 
1 60 
1 61 
1 62 
1 63 
1 64 
1 65 
1 66 
1 67 
1 68 
1 69 
1 70 
1 71 
1 72 
1 73 
1 74 
1 75 
1 76 
1 77 
1 78 
1 79 
1 80 
1 81 
1 82 
1 83 
1 84 
1 85 
1 86 
1 87 
1 88 
1 89 
1 90 
1 91 
1 92 
1 93 
1 94 
1 95 
1 96 
1 97 
1 98 
1 99 
1 100 
1 101 
1 102 
1 103 
1 104 
1 105 
1 106 
1 107 
1 108 
1 109 
1 110 
1 111 
1 112 
1 113 
1 114 
1 115 
1 116 
1 117 
1 118 
1 119 
1 120 
1 121 
1 122 
1 123 
1 124 
1 125 
1 126 
1 127 
1 128 
1 129 
1 130 
1 131 
1 132 
1 133 
1 134 
1 135 
1 136 
1 137 
1 138 
1 139 
1 140 
1 141 
1 142 
1 143 
1 144 
1 145 
1 146 
1 147 
1 148 
1 149 
1 150 
1 151 
1 152 
1 153 
1 154 
1 155 
1 156 
1 157 
1 158 
1 159 
1 160 
1 161 
1 162 
1 163 
1 164 
1 165 
1 166 
1 167 
1 168 
1 169 
1 170 
1 171 
1 172 
1 173 
1 174 
1 175 
1 176 
1 177 
1 178 
1 179 
1 180 
1 181 
1 182 
1 183 
1 184 
1 185 
1 186 
1 187 
1 188 
1 189 
1 190 
1 191 
1 192 
1 193 
1 194 
1 195 
1 196 
1 197 
1 198 
1 199 
1 200 
1 201 
1 202 
1 203 
1 204 
1 205 
1 206 
1 207 
1 208 
1 209 
1 210 
1 211 
1 212 
1 213 
1 214 
1 215 
1 216 
1 217 
1 218 
1 219 
1 220 
1 221 
1 222 
1 223 
1 224 
1 225 
1 226 
1 227 
1 228 
1 229 
1 230 
1 231 
1 232 
1 233 
1 234 
1 235 
1 236 
1 237 
1 238 
1 239 
1 240 
1 241 
1 242 
1 243 
1 244 
1 245 
1 246 
1 247 
1 248 
1 249 
1 250 
1 251 
1 252 
1 253 
1 254 
1 255 
1 256 
1 257 
1 258 
1 259 
1 260 
1 261 
1 262 
1 263 
1 264 
1 265 
1 266 
1 267 
1 268 
1 269 
1 270 
1 271 
1 272 
1 273 
1 274 
1 275 
1 276 
1 277 
1 278 
1 279 
1 280 
1 281 
1 282 
1 283 
1 284 
1 285 
1 286 
1 287 
1 288 
1 289 
1 290 
1 291 
1 292 
1 293 
1 294 
1 295 
1 296 
1 297 
1 298 
1 299 
1 300 
1 301 
1 302 
1 303 
1 304 
1 305 
1 306 
1 307 
1 308 
1 309 
1 310 
1 311 
1 312 
1 313 
1 314 
1 315 
1 316 
1 317 
1 318 
1 319 
1 320 
1 321 
1 322 
1 323 
1 324 
1 325 
1 326 
1 327 
1 328 
1 329 
1 330 
1 331 
1 332 
1 333 
1 334 
1 335 
1 336 
1 337 
1 338 
1 339 
1 340 
1 341 
1 342 
1 343 
1 344 
1 345 
1 346 
1 347 
1 348 
1 349 
26 0 521 923 1325 1457 1591 2055 2494 2811 3296 3621 4179 4579 4890 5428 5795 6148 6597 6851 7007 7639 8042 8354 8763 9227 9543 
31 1 365 446 821 1200 1431 1637 1757 1952 2230 2610 2845 3243 3752 3996 4186 4502 4840 5090 5416 5678 6068 6395 6967 7369 7755 8011 8192 8410 8845 9419 
30 2 829 1040 1293 1879 1999 2214 2517 2804 3062 3465 3655 4113 4591 4949 4972 5444 5846 6253 6378 6874 7058 7398 7780 8263 8687 8970 9296 9403 9835 
28 3 371 469 1092 1317 1783 2178 2496 2644 2881 3234 3792 4076 4401 4656 5230 5534 5982 6386 6807 7153 7786 7904 8318 8789 9126 9377 9977 
28 4 409 744 1058 1776 2477 2884 3143 3637 3979 4499 4756 5091 5263 5567 5733 6084 6407 6638 6928 7370 7735 8251 8805 9385 9500 9832 9935 
27 5 772 1094 1380 2016 2436 2975 3516 4015 4268 4525 4651 4867 5154 5501 5722 6018 6358 6580 6968 7766 7846 8199 8420 8808 9008 9409 
28 6 582 1020 1354 1733 2320 2621 3024 3315 3706 4021 4382 4581 5106 5590 5751 5963 6221 6705 7164 7485 7827 8287 8663 8952 9258 9583 9764 
26 7 394 650 1063 1478 2156 2371 2777 3000 3369 4191 4366 4675 5074 5628 5822 6004 6183 6554 7009 7720 7923 8360 8850 9262 9650 
29 8 713 805 1112 1304 1837 2118 2421 2862 3088 3347 3890 4290 4567 4988 5104 5342 5635 5870 6317 6664 6924 7401 7768 8087 8469 9076 9314 9601 
34 9 780 1243 1557 1710 1851 2077 2441 2718 2892 2976 3335 3751 4136 4240 4617 4891 5205 5700 6013 6099 6266 6728 7011 7333 7722 7978 8230 8585 8806 8935 9196 9399 9856 
35 10 531 666 909 1206 1481 1701 2107 2125 2461 2781 3119 3288 3568 3948 4418 4779 5142 5268 5681 5947 6079 6322 6493 6854 7108 7509 7954 8079 8426 8992 9274 9485 9580 9789 
26 11 513 740 1252 1595 2197 2439 2857 3290 3746 4074 4804 5054 5691 6054 6445 6692 6796 7302 7546 7905 8462 9011 9215 9487 9779 
24 12 559 1135 1453 1830 2450 2697 3268 3517 3776 3953 4287 5004 5335 5819 6544 6844 7375 7810 8156 8468 8793 9193 9920 
31 13 438 743 1482 1789 2166 2209 2414 2771 3251 3410 3756 3909 4447 4653 5084 5755 5975 6259 6498 6738 6946 7131 7426 7504 7982 8126 8441 8666 9195 9776 
31 14 380 822 1281 1475 1881 2229 2387 2577 2869 3230 3563 3795 4016 4556 4807 5161 5551 5864 6399 6494 6901 7101 7337 7471 7839 8084 8597 9000 9450 9796 
30 15 429 730 1107 1510 2128 2404 2653 2876 3324 3462 3689 4189 4760 4968 5620 5902 6429 6715 6890 7041 7468 8023 8224 8334 8600 8878 9257 9371 9872 
28 16 846 1056 1260 1524 1800 2004 2362 2980 3503 4034 4589 4849 5211 5443 5677 5951 6300 6514 6800 7264 7445 7838 8096 8557 9224 9657 9745 
31 17 912 1171 1569 1870 2149 2539 2669 2858 3293 3704 3915 4238 4553 4816 4981 5125 5449 5752 6107 6408 6625 7040 7328 7734 8111 8158 8289 8734 9106 9480 
31 18 660 1273 1462 1670 1820 2013 2543 2880 3067 3292 3589 3695 4024 4152 4403 4583 4943 5419 5829 6211 6675 6950 7266 7736 7906 8179 8803 9199 9634 9858 
27 19 574 934 1153 1490 1883 2323 3082 3305 3699 4044 4473 4716 5253 5488 6194 6356 6618 6954 7469 8092 8604 8917 9340 9400 9663 9929 
28 20 812 931 1218 1570 1923 2419 2805 3110 3529 3707 4292 4492 4927 5206 5638 5778 6240 6614 6779 6980 7437 7823 8134 8388 8664 9137 9335 
33 21 554 649 1014 1312 1867 2126 2433 2533 2841 3211 3400 3830 4004 4202 4554 4814 5630 5661 5791 5990 6137 6424 6584 6676 7174 7336 7769 8390 8711 9022 9331 9877 
30 22 522 1000 1335 1658 1963 2287 2625 3105 3443 3859 4052 4560 4960 5121 5495 5987 6447 6889 7170 7441 7707 7959 8356 8520 8726 9120 9247 9678 9959 
28 23 389 718 1416 1872 2187 2455 2796 3474 3700 4018 4458 4769 4965 5337 5689 6177 6582 7186 7299 7560 8159 8361 8486 8821 9101 9712 9990 
26 24 381 790 1259 1582 1967 2317 2686 3050 3238 3346 3660 3824 4105 4667 5070 5651 6316 6849 6998 7475 7717 8225 8859 9501 9795 
24 25 811 1492 1927 2163 2292 2831 3354 3922 4278 4827 5218 5724 5922 6065 6537 6762 6976 7557 8194 8560 8762 9250 9756 
29 26 452 644 1104 1425 1761 2195 2741 3006 3181 3509 3939 4293 4657 4872 5147 5398 5826 6226 6421 6690 7206 7611 7883 8288 8773 8990 9547 9849 
30 27 414 694 976 1316 1608 2001 2080 2460 2676 2941 3083 3344 3548 3959 4481 4894 5317 5880 6559 6795 7178 7582 7926 8185 8443 8778 9105 9413 9661 
33 28 545 765 935 1169 1586 1833 2044 2560 2896 3195 3383 3541 3955 4109 4545 4711 5170 5609 5734 5903 6128 6481 6672 6826 7399 7566 7942 8351 8614 9082 9440 9940 
29 29 424 652 1068 1268 1685 1812 2203 2430 2760 3060 3560 4006 4174 4900 5181 5467 5789 6097 6425 6939 7355 7578 8039 8336 9016 9528 9573 9934 
33 30 390 626 1074 1391 1781 1871 2081 2479 3054 3265 3536 3869 4252 4601 4709 4852 5115 5175 5487 5953 6287 6502 6903 7425 7995 8751 8867 9191 9372 9621 9879 9988 
28 31 495 745 1407 1818 2284 2438 2604 2788 3162 3379 3614 3936 4299 4662 5168 5465 5882 6230 6636 7072 7819 8231 8854 9096 9282 9639 9859 
29 32 590 905 1314 1560 1956 2314 2708 2928 3361 3616 3838 4147 4568 4606 4864 5190 5531 6003 6275 6651 6995 7192 7861 8145 8400 8978 9463 9793 
25 33 673 1310 1721 1829 2094 2444 3090 3635 3978 4103 4408 4609 4940 5542 5774 6257 6752 7424 7933 8308 8931 9222 9757 9982 
27 34 676 1286 1535 1943 2177 2346 2545 2808 2998 3371 3744 4081 4587 4979 5219 5650 6094 6379 7012 7325 7834 8255 8517 8648 8977 9423 
29 35 700 1324 1589 2279 2745 3072 3366 3507 3921 4067 4561 4764 5177 5343 5779 6353 6626 6850 6944 7148 7552 7784 7977 8132 8534 9158 9679 9827 
26 36 767 1049 1506 1790 2142 2513 2793 3003 3403 3668 4207 4690 5015 5484 5732 6059 6487 6727 7205 7451 7941 8352 8728 9286 9854 
31 37 393 986 1258 1640 1987 2390 2668 3113 3565 3967 4340 4863 5353 5662 5932 6302 6440 6997 7261 7356 7632 7767 8046 8202 8529 9037 9315 9477 9713 9900 
27 38 395 758 1533 2056 2124 2290 2873 3204 3490 3861 4269 4800 5316 5660 5893 6483 6832 7406 7669 8086 8311 8463 8911 9231 9714 9887 
28 39 359 611 1115 1296 1778 2260 2749 3089 3523 3686 4167 4650 4879 5080 5491 5888 6384 6902 7057 7239 7390 7774 8139 8636 8986 9212 9513 
31 40 653 1290 1741 1901 2307 2361 2734 3084 3463 3741 4361 4465 4832 5174 5494 5798 6454 6714 7190 7550 7844 8198 8348 8657 8851 9080 9146 9312 9591 9732 
28 41 682 1054 1226 1674 1961 2469 2815 3069 3422 3976 4349 4592 4785 5418 6052 6362 6730 7158 7538 7837 8242 8422 8594 8769 9085 9461 9731 
26 42 916 1307 1747 2337 3019 3345 3632 4177 4541 5198 5955 6274 6527 6808 6984 7169 7377 7529 7751 8172 8485 8966 9238 9617 9823 
26 43 782 1057 1336 1558 1936 2392 2735 2921 3408 3794 4253 4628 5093 5480 5723 5934 6485 6787 7203 7506 7854 8424 8846 9333 9910 
29 44 579 971 1326 1889 2354 2640 2765 3041 3196 3424 4036 4445 4706 5017 5265 5412 6023 6245 6595 7032 7592 7845 8147 8366 8817 9203 9558 9956 
28 45 355 777 1037 1154 1576 1846 2088 2334 2442 3055 3761 4300 4629 4854 5116 5781 6155 6479 6908 7365 7530 8203 8586 8864 9007 9411 9848 
31 46 755 1086 1588 1748 1958 2137 2596 2709 2966 3266 3442 3573 3895 4027 4514 4851 4962 5327 5655 6045 6455 6575 6830 7358 7535 7887 8339 9145 9323 9625 
27 47 878 1442 1884 2268 2394 2866 3174 3537 3644 3902 4002 4281 4635 4911 5379 6063 6360 6706 6989 7672 7956 8574 9148 9451 9676 9817 
29 48 401 769 1015 1253 1502 1940 2208 2632 3016 3389 3633 4008 4562 4948 5188 5470 5800 6261 6876 7288 7548 7882 8232 8810 9147 9259 9666 9926 
23 49 697 933 1225 1699 2035 2675 2955 3530 4096 4681 4951 5029 5742 6431 6963 7137 7343 7689 8176 8507 9072 9525 
31 50 386 665 950 1125 1349 1661 2102 2435 2907 3472 3893 4301 4834 5058 5664 6014 6285 6486 6660 6777 6992 7081 7428 7577 7936 8264 8784 9363 9725 9973 
28 51 448 623 1066 1627 2007 2215 2484 3184 3599 3882 4324 4455 4683 5039 5482 5867 6478 7099 7386 7729 7847 8148 8684 9081 9518 9751 9866 
26 52 855 1240 1540 2015 2246 2600 3097 3414 3779 3938 4169 4482 5031 5688 6166 6391 6693 6772 7091 7522 7963 8619 9035 9338 9769 
30 53 827 1334 1631 1969 2451 2682 3034 3555 3847 4097 4351 4506 4811 5069 5109 5297 5820 6101 6461 6631 7059 7463 7790 8342 8779 8989 9181 9532 9870 
29 54 444 585 849 1038 1320 1544 1786 2263 3038 3303 3931 4343 4736 4994 5251 5595 6170 6671 6936 7021 7482 8016 8335 8765 9092 9424 9546 9778 
26 55 591 929 1396 2019 2549 3130 3569 4029 4490 5024 5227 5370 5704 6002 6280 6691 7285 7776 7957 8144 8518 8932 9509 9705 9994 
28 56 701 1224 1514 1900 2145 2378 2641 3210 3575 4149 4423 4966 5081 5581 5946 6083 6439 6935 7279 7724 8248 8475 8740 8972 9165 9420 9640 
25 57 890 1188 1499 1882 2061 2151 2511 2739 2891 3373 3816 4245 4682 5232 5918 6217 6435 7118 7574 7678 8095 8941 9622 9963 
29 58 542 947 1855 2401 3217 3469 3932 4225 4544 4758 5076 5364 5535 5840 5969 6418 6732 6780 6972 7167 7432 7697 7971 8193 8814 9128 9241 9695 
31 59 575 1018 1398 1760 2011 2476 2598 2840 3166 3276 3646 3927 4058 4645 4874 5186 5447 5539 5804 6096 6308 6570 6839 7086 7605 8131 8547 8839 9129 9310 
28 60 535 941 1579 1993 2330 2462 2679 3022 3384 3738 4279 4580 4713 5189 5411 5925 6193 6607 6838 7301 7698 7852 8102 8515 8995 9690 9875 
29 61 375 519 1009 1682 1875 2472 2909 3147 3518 3964 4233 4750 5034 5279 5597 5786 6186 6482 6748 7179 7633 7866 8031 8301 8555 9043 9507 9654 
28 62 646 945 1075 1500 1623 1945 2521 2738 2901 3103 3306 3545 4073 4316 4882 5425 5860 6328 6509 7347 7622 7801 8300 8837 9189 9655 9894 
25 63 457 924 1207 1408 1813 2200 2703 2977 3352 4025 4563 4884 5129 5338 5720 6331 6707 7060 7757 8001 8405 8809 9701 9939 
28 64 699 1124 1363 1746 2042 2328 2652 3085 3412 3871 4091 4313 4726 5289 5631 6352 6749 7138 7211 7704 7824 7974 8162 8282 8577 9154 9593 
27 65 374 555 1026 1446 1628 2087 2500 3081 3651 4176 4659 4843 5008 5434 5697 5927 6106 6523 6823 7359 7833 8100 8615 8868 9658 9908 
27 66 844 1255 1436 2141 2519 2952 3321 3675 3957 4040 4346 4718 5272 5608 5793 6039 6543 6896 7229 7298 7726 8367 8527 8833 9503 9833 
26 67 677 771 1249 1914 2277 2594 2799 3028 3444 3846 4020 4438 4985 5259 5872 6667 6949 7421 7637 7885 8471 8847 9091 9355 9810 
25 68 716 1409 1824 1976 2264 2743 3286 3622 3821 4241 4530 4998 5460 5644 5956 6603 7133 7392 7604 7799 8167 8633 9026 9819 
30 69 548 942 1519 1766 2038 2557 2817 3189 3491 3786 4121 4364 4532 4696 5023 5284 5708 6042 6171 6491 6822 7168 7754 7965 8350 8739 9188 9555 9976 
33 70 539 719 949 1257 1458 1941 2060 2247 2470 2823 3183 3492 3721 4118 4734 5083 5374 5463 5891 6212 6456 6567 6863 7371 7555 7825 8036 8219 8776 9281 9520 9901 
30 71 608 1119 1191 1531 1873 2489 2779 3106 3329 3619 3807 4032 4790 4984 5397 5612 5785 6105 6329 6420 6622 6776 7213 7568 8221 8616 8961 9229 9788 
26 72 553 975 1210 1726 2097 2335 2705 3289 3487 4077 4347 4782 5315 5807 6071 6674 6847 7135 7524 7891 8340 8730 9052 9343 9561 
35 73 378 707 884 1080 1213 1571 1995 2286 2769 2956 3186 3552 3843 4232 4353 4584 4915 5128 5314 5805 6219 6348 6786 7030 7448 7617 8083 8181 8392 8592 8677 8968 9574 9801 
26 74 704 828 964 1460 1804 1918 2148 2821 3125 3339 3425 3775 4110 4412 4929 5260 5513 6153 6754 7540 8065 8731 8956 9407 9637 
31 75 635 951 1448 1634 1756 2223 2368 2591 2801 3453 3997 4374 4830 5275 5725 5905 6473 7038 7077 7233 7409 7640 7848 7991 8385 8665 8950 9228 9435 9844 
32 76 480 860 1131 1217 1862 2041 2220 2281 2566 2696 3340 3586 4128 4341 4875 5065 5538 5879 6286 6546 6810 7255 7583 7988 8439 8543 8918 9249 9375 9620 9964 
28 77 524 809 1181 1955 2535 2899 3291 3650 3916 4498 5019 5266 5694 6009 6229 6596 6835 7189 7269 7460 7650 8189 8758 9155 9402 9698 9967 
30 78 641 1016 1294 1673 2025 2568 2964 3169 3657 3862 4254 4496 4727 5022 5323 5375 5715 6263 6470 6819 7283 7581 7947 8030 8458 8987 9121 9629 9828 
27 79 612 817 1079 1600 1859 2324 2758 3261 3698 3951 4655 4817 5176 5485 6124 6232 6699 7191 7665 8097 8375 8491 8671 8940 9304 9919 
34 80 508 691 910 1205 1476 1678 1895 2261 2636 2922 3271 3519 3720 3848 4092 4306 4536 4877 5213 5464 5776 6132 6792 6943 7324 7793 8033 8204 8642 9122 9392 9552 9682 
27 81 723 1209 1713 2205 2424 2538 2967 3407 3888 4161 4500 4924 5402 5939 6126 6758 7067 7644 7762 8098 8550 8857 9140 9491 9720 9864 
29 82 490 634 900 1266 1693 1904 2159 2385 2879 3390 3618 3811 4185 4848 5044 5348 5583 6115 6313 6726 6933 7292 7686 7975 8454 8908 9437 9938 
33 83 752 1047 1542 1992 2349 2710 2942 3501 3643 3982 4291 4513 4766 4980 5376 5481 5622 5858 6027 6400 6836 7055 7643 8155 8293 8434 8646 8938 9260 9387 9668 9790 
27 84 603 1019 1664 1916 2342 2994 3313 3690 4066 4206 4643 5068 5529 5729 6210 6724 6904 7290 7602 8169 8530 8879 9430 9600 9734 9958 
27 85 747 1165 1530 1858 2176 2351 2818 2954 3312 3464 4037 4677 4945 5344 5771 6069 6250 6519 6965 7422 7719 8182 8580 8841 9418 9659 
29 86 364 622 1176 1435 1892 2332 2844 3202 3337 3601 4054 4478 4810 4946 5258 5721 5930 6203 6405 6791 7074 7156 7461 7692 8372 8578 9280 9787 
27 87 783 1109 1471 1752 2045 2218 2536 3021 3714 4035 4273 4674 5053 5503 5855 6236 6404 6535 6853 7372 7865 8362 8484 8682 9184 9707 
29 88 470 589 1139 1412 1635 1764 2164 2409 2655 2953 3837 4312 4947 5286 5423 5680 5926 6058 6496 6812 7245 7623 8006 8479 8661 8924 9511 9830 
29 89 561 631 989 1350 1641 2065 2603 2860 3311 3513 3863 4333 4797 5005 5549 5838 6152 6648 6999 7228 7322 7770 8320 8516 8860 9172 9560 9862 
30 90 442 963 1356 1706 2189 2660 3098 3232 3482 4033 4251 4480 4876 5131 5587 6067 6294 6562 6655 6951 7199 7658 7972 8528 8832 8933 9533 9606 9748 
34 91 488 1084 1546 1703 1888 2101 2478 2707 2875 3295 3433 3727 4131 4236 4509 4627 5025 5220 5516 6216 6430 6778 7123 7352 7746 8116 8285 8567 8697 8877 9302 9770 9981 
28 92 596 1192 1357 1982 2359 2630 3229 3533 3654 3856 4139 4623 4973 5191 5486 5844 6160 6681 7087 7207 7620 7961 8164 8365 8782 9297 9684 
28 93 366 465 873 1559 1899 2508 2934 3297 3611 4160 4314 4569 4895 5276 5958 6085 6536 6774 7247 7858 7931 8699 9006 9330 9614 9689 9993 
33 94 368 499 804 1099 1488 2062 2542 2982 3435 3564 3804 3866 4289 4604 4886 5546 5762 6223 6647 6878 7031 7136 7477 7743 7835 8337 8627 8725 8964 9390 9535 9824 
24 95 443 689 1399 1625 2047 2546 3157 3715 4005 4294 4577 5089 5736 6019 6441 6696 7162 7315 7533 8115 8573 9139 9438 
27 96 897 1120 1333 1611 2063 2235 2449 2848 3128 3615 4003 4339 4842 5148 5626 5875 6119 6517 7240 7747 7850 8166 8607 8798 9185 9452 
28 97 806 1062 1483 1772 2206 2534 2794 2999 3429 3944 4086 4212 4472 4983 5248 5584 5758 5857 6249 6765 7597 8286 8742 8994 9232 9526 9952 
28 98 430 633 1028 1539 1842 2160 2865 3160 3785 4209 4331 4669 5137 5441 5750 6392 6915 7090 7434 7807 8012 8117 8478 8830 9068 9630 9825 
29 99 400 656 946 1132 1237 1605 1903 2408 2661 2936 3385 3703 3857 4197 4377 4770 5099 5666 5942 6451 6816 7395 7606 7815 8546 9177 9515 9765 
29 100 562 871 1157 1303 1599 1972 2302 2466 2716 3078 3483 3636 3924 4421 4835 5111 5618 5986 6661 7013 7408 7709 8103 8536 8870 9218 9575 9970 
30 101 571 851 1428 1863 2130 2348 2607 3011 3236 3488 3722 3867 4151 4415 5040 5526 5827 6640 6820 6940 7246 7518 7812 7912 8275 8767 8944 9219 9671 
24 102 662 1147 1377 1944 2358 2839 3359 3739 3905 4180 4449 4733 4963 5307 5965 6460 7215 7777 8152 8709 9123 9557 9961 
28 103 511 911 1267 1461 1636 1928 2175 2355 3015 3415 3946 4439 4931 5386 5794 6078 6547 6745 7047 7383 7584 7864 8133 8456 9098 9443 9566 
27 104 595 1126 1739 2052 2425 2617 3023 3531 3617 3949 4039 4436 4930 5309 5716 5950 6545 6848 7082 7214 7507 7820 8409 8921 9303 9559 
33 105 352 472 601 937 1298 1753 2179 2353 2720 3008 3620 3968 4342 4714 4917 5288 5373 5572 6041 6260 6448 6627 7050 7452 7730 8029 8292 8419 8493 8816 9326 9578 
27 106 725 1241 1528 1749 2345 2507 3040 3187 3502 3912 4056 4426 4901 5120 5427 5652 6185 6315 6694 6785 7064 7993 8497 9005 9149 9488 
26 107 432 578 922 1116 1414 1807 2308 2687 2932 3192 3694 3970 4302 4693 4942 5328 5775 6312 6907 7527 7869 8384 8818 9060 9545 
30 108 411 654 834 1282 1587 1832 2138 2522 2637 2938 3279 3612 4163 4389 4613 5167 5515 5801 6090 6341 6474 6857 7267 7756 8160 8552 8764 9242 9633 
24 109 475 742 1138 1433 2090 2561 2842 3287 3640 4130 4751 5059 5507 6113 6256 6815 7258 7545 8125 8514 9053 9378 9786 
30 110 746 927 1102 1709 2008 2388 2791 3221 3558 3745 3993 4337 4928 5222 5294 5761 5962 6297 6781 7232 7473 7962 8186 8438 8655 8788 9077 9295 9797 
30 111 823 1250 1803 2258 2611 2748 3152 3550 3874 4199 4576 4743 4860 5291 5690 5899 6343 6682 7001 7474 7663 7808 8054 8428 8708 8919 9406 9702 9923 
25 112 792 956 1624 2253 2837 3215 3458 3911 4307 4839 5200 5696 6087 6220 6477 6759 7089 7457 7664 7886 8271 8690 9133 9792 
25 113 423 799 1348 1738 2003 2540 2951 3159 3539 3995 4030 4526 4802 5216 5974 6679 7006 7419 7822 8122 8474 8971 9478 9723 
28 114 638 1005 1190 1466 1650 1771 2100 2529 2656 3225 3592 4061 4190 4828 5233 5929 6237 6550 6862 7046 7567 7973 8250 8686 8936 9454 9997 
29 115 454 624 1143 1768 2190 2628 2877 2981 3374 3583 3879 4416 4792 5071 5406 5550 5707 5878 6368 6515 7132 7291 7646 7750 8252 8909 9141 9694 
30 116 388 706 1087 1344 1868 2064 2645 3001 3093 3190 3418 3683 3858 4221 4749 5163 5502 5994 6296 6721 7102 7652 7944 8344 8553 8715 8906 9598 9811 
31 117 833 1301 1485 2182 2939 3031 3208 3593 3910 4224 4451 4700 4869 4974 5400 5600 5823 6228 6563 7034 7217 7423 7596 7772 8112 8395 8735 9206 9646 9954 
30 118 392 680 998 1632 1729 2276 2883 3392 3544 3981 4559 4775 5340 5784 6098 6934 7220 7562 7798 7907 8019 8048 8298 8490 8628 8831 9277 9455 9957 
32 119 615 1117 1653 1971 2395 2809 3168 3330 3696 4087 4336 4641 4778 5035 5366 5489 5614 5851 6010 6314 6540 6813 7275 7456 7785 7893 8201 8387 8771 9109 9706 
28 120 356 978 1529 1915 2380 2711 3438 3602 3783 4338 4795 5105 5394 5625 6015 6235 6735 6952 7335 7487 7795 8195 8483 8745 8910 9353 9850 
30 121 613 763 965 1424 1780 2180 2452 2764 3039 3263 3625 4041 4425 4846 5261 5504 5842 6140 6390 6733 7063 7436 7909 8267 8770 9275 9665 9869 9999 
30 122 431 580 954 1400 1585 2112 2547 2680 3012 3432 3495 3760 4013 4574 5256 5543 5821 6006 6351 6873 6996 7305 7575 8018 8482 8889 9447 9607 9851 
25 123 825 1007 1480 1980 2270 2671 3071 3223 3582 4060 4229 4634 5246 5685 6347 6708 7096 7251 7816 8317 8960 9103 9613 9909 
28 124 494 728 1065 1376 1821 2231 2381 2721 2904 3256 3546 3913 4461 4735 5164 5509 5766 6044 6670 7241 7479 7916 8142 8635 8937 9332 9641 
29 125 485 803 1159 1604 2171 2492 2834 3066 3457 4031 4527 4765 4858 5119 5368 5479 6095 6396 6788 7065 7683 8052 8492 8813 9151 9457 9645 9965 
30 126 500 887 1201 1655 1950 2226 2516 2900 3112 3391 3684 4048 4398 4752 5249 5570 5900 6029 6224 6528 6864 7248 7510 7889 7968 8330 8907 9166 9890 
28 127 447 749 1199 1493 1909 2376 2595 2810 3416 3844 4215 4595 4892 5547 5714 6289 6577 7160 7306 7404 7701 8412 8757 9167 9616 9815 9980 
27 128 445 696 1142 1575 2161 2588 3092 3394 3784 3889 4093 4350 4767 5126 5319 5695 6073 6443 6914 7185 7699 8088 8256 8644 8991 9381 
33 129 629 952 1167 1318 1646 1762 2146 2356 2800 2903 3148 3496 4112 4687 4913 5187 5435 5684 5966 6371 6620 6753 6974 7590 7711 7829 8059 8556 8804 9384 9618 9845 
29 130 391 684 1096 1347 1667 1939 2155 2495 2670 2905 3356 3561 3873 4404 4773 5139 5603 6146 6560 6977 7580 7693 7943 8312 8780 9099 9475 9944 
25 131 547 1274 1630 2021 2525 3091 3494 3762 4137 4507 5133 5497 6143 6377 6782 7105 7782 8460 8634 8981 9112 9431 9644 9966 
32 132 481 943 1280 1784 1964 2386 2551 2825 3153 3817 4045 4164 4518 4691 4799 5223 5468 6070 6374 6605 6852 7340 7488 7791 8190 8620 8858 9223 9421 9677 9888 
29 133 698 957 1271 1708 1957 2186 2343 2624 2943 3018 3672 4244 4661 4878 5150 5496 6161 6271 6784 7271 7668 8068 8421 8632 8953 9070 9497 9740 
32 134 476 715 972 1359 1844 2183 2616 3014 3355 3679 3929 4082 4303 4575 4993 5055 5225 5528 5712 5895 6506 7297 7612 7925 8129 8641 8892 9216 9264 9489 9853 
32 135 655 988 1381 1547 1930 2289 2736 3036 3445 3845 4157 4443 4803 5033 5086 5324 5553 5834 6100 6204 6632 6899 7367 7528 7935 8278 8449 8824 9263 9653 9931 
33 136 363 458 770 1319 1468 1707 1791 1911 2244 2573 2723 3068 3681 4247 4501 4605 4967 5162 5456 5901 6254 6740 6979 7313 7579 7662 8149 8538 8732 8996 9492 9635 
27 137 397 751 898 1067 1520 2010 2527 2795 3178 3823 3962 4258 4793 5345 5592 6243 6309 6686 7053 7454 7775 8196 8611 8900 9339 9514 
25 138 619 1042 1538 1974 2296 2700 3155 3887 4120 4259 4768 5107 5471 5576 6048 6471 6937 7384 7878 8432 8772 9175 9318 9774 
28 139 507 657 960 1141 1418 1675 1896 2096 2766 3172 3367 3900 4235 4774 5303 5492 5814 6190 7028 7624 7877 8099 8373 8737 8973 9479 9834 
30 140 515 824 1073 1583 1962 2271 2427 2647 2929 3249 3881 3994 4405 4689 5158 5658 5799 6030 6162 6270 6687 7121 7443 7796 8382 8689 8967 9529 9726 
27 141 675 1071 1343 1511 1727 2326 2835 3247 3645 4264 4916 5178 5831 5995 6541 6678 7149 7688 7967 8508 8700 8926 9047 9288 9581 9785 
23 142 421 958 1375 2084 2583 2838 3200 3638 3750 4222 4914 5401 5881 6180 6695 6982 7268 7950 8294 8723 8948 9548 
31 143 632 987 1512 1731 2293 2589 3140 3426 3566 3828 4134 4497 4787 5140 5277 5390 5954 6304 7066 7265 7354 7656 8013 8391 8587 8645 9015 9382 9632 9950 
29 144 440 800 1251 1459 1788 2622 2803 2919 3059 3420 3728 4345 4688 4977 5252 5473 5765 5988 6500 6741 7152 7503 7832 8009 8509 8891 9368 9687 
26 145 407 837 1128 1497 1648 2150 2410 2937 3171 3980 4755 4958 5201 5839 6283 6466 7054 7231 7511 7804 8544 8768 9283 9468 9886 
26 146 543 808 1045 1601 1913 2031 2431 2856 3365 3701 4367 4676 4844 5066 5280 6206 6649 6985 7194 7651 8110 8581 8794 9306 9631 
29 147 387 479 865 1043 1284 1445 1657 1817 2325 2673 3048 3397 4127 4284 4731 5245 5748 5971 6306 6948 7467 7928 8207 8506 8925 9131 9498 9928 
29 148 737 1180 1736 2204 2339 2706 3027 3314 3427 3743 4145 4813 5000 5389 5825 6354 6588 6716 6881 7161 7287 7654 8074 8119 8279 8696 9055 9505 
33 149 573 841 1081 1568 1880 2243 2851 2965 3380 3596 3742 3966 4373 4552 4742 4971 5214 5633 5997 6364 6744 6910 7216 7549 7927 8407 8678 9034 9207 9383 9686 9933 
29 150 610 1041 1366 1857 2099 2774 3173 3692 4069 4286 4330 4483 4632 5079 5548 5726 6033 6267 6701 7111 7393 7948 8431 8541 8884 9104 9486 9969 
26 151 908 1034 1385 1740 1912 2153 2599 3104 3180 3819 4396 4510 4815 5478 5885 6310 6894 7334 7569 7899 8436 8681 8883 9107 9550 
29 152 568 1233 1467 1806 2104 2562 2992 3659 3801 4047 4546 4829 5052 5522 5565 5985 6214 6504 6858 7556 7792 8326 8570 8790 9013 9319 9542 9937 
27 153 671 973 1439 2000 2379 2694 3042 3484 3753 4090 4555 4753 5437 5730 5976 6093 6142 6637 6962 7455 7910 8328 9045 9321 9628 9782 
29 154 410 788 983 1234 1437 1816 2040 2526 2931 3470 3926 4427 4573 4987 5244 5768 5972 6176 6437 6821 7272 7427 7989 8273 9044 9316 9541 9852 
28 155 670 919 1331 1427 1811 2135 2770 2970 3227 3468 3958 4329 4566 5114 5426 5792 5919 5991 6411 6913 7237 7932 8261 8522 8866 8982 9752 
28 156 370 523 901 1387 1897 1946 2255 2724 2890 3145 3275 3624 4115 4547 5030 5313 5533 6049 6463 6719 7208 7630 7788 8381 8722 9240 9667 
29 157 838 1044 1672 1925 2184 2727 3248 3316 3697 3950 4260 4402 4819 5321 5505 5796 6012 6475 6953 7235 7462 7843 8281 8477 8761 9014 9365 9800 
27 158 532 1046 1822 2659 2889 3117 3362 3630 3883 4319 4612 4907 5302 5451 5621 6147 6623 7000 7481 7892 8209 8371 8759 9001 9267 9733 
26 159 693 876 1246 1422 1691 2114 2194 2674 3002 3437 3747 4457 4777 5521 5809 6074 6680 6969 7120 7505 8037 8500 9095 9670 9880 
29 160 459 748 1443 1695 1920 2389 2666 2947 3461 3716 4068 4456 4746 5203 5803 6357 6505 6885 7002 7295 7712 7946 8306 8750 9002 9186 9596 9812 
28 161 587 779 1072 1618 1996 2544 2780 3327 3581 4000 4297 4697 5179 5541 6035 6292 6568 7044 7262 7573 7779 8314 8549 8905 9048 9324 9948 
28 162 722 847 1214 1802 2352 2802 3350 3693 4055 4282 4588 4823 4959 5138 5388 5920 6269 6673 7276 7541 7802 7997 8270 8565 9152 9570 9998 
28 163 408 756 1161 1406 1744 2108 2773 3280 3375 3713 4195 4305 5003 5262 5698 6130 6342 6737 6918 7141 7497 7958 8305 8672 9150 9436 9971 
28 164 738 1295 1470 1836 2105 2454 2991 3538 3836 3897 4280 4593 4772 5007 5332 5949 6129 6387 6897 7140 7600 8480 8754 8980 9458 9746 9984 
22 165 527 1029 1289 1705 2311 2755 3299 3806 4046 4357 4608 5360 5862 6303 6750 7219 7607 8229 8622 9284 9759 
27 166 413 717 920 1269 1563 2048 2369 2510 2754 3057 3626 4007 4170 4585 5082 5476 5817 6123 6590 7070 7536 8049 8459 9021 9434 9784 
28 167 460 1030 1362 1671 1869 2028 2463 2620 2678 2984 3787 4371 4670 5455 5574 6198 6689 7227 7564 7752 8316 8519 8783 8881 9144 9495 9871 
26 168 357 427 602 903 1534 2018 2563 2790 2911 3134 3682 4101 4309 4820 5295 5854 6438 6966 7197 7543 7881 8234 8749 9300 9749 
29 169 819 1025 1394 1683 1798 2110 2639 2949 3459 3925 4298 4637 5293 5361 5830 6055 6516 6824 6971 7520 7911 8151 8561 8630 8719 9075 9276 9660 
28 170 404 581 862 1372 1686 1917 2580 2806 3043 3460 3639 3884 4256 4639 5281 5483 5599 5967 6472 6729 7106 7610 8005 8427 8834 9270 9680 
29 171 576 970 1704 2089 2399 2512 2946 3240 3603 3813 4158 4332 4600 5103 5330 5802 6298 6553 6665 7010 7714 8244 8411 8819 9168 9394 9675 9974 
30 172 398 786 892 1187 1402 1910 2572 2767 2923 3317 3591 4138 4315 4543 4725 5047 5387 5676 6264 6601 6834 6945 7263 7731 8050 8445 8861 9163 9572 
30 173 784 832 1554 1924 2207 2649 2963 3338 3731 3854 4184 4354 4658 4824 4992 5560 5896 6484 6746 6893 7453 7616 7800 8082 8206 8743 8975 9268 9571 
27 174 711 1095 1419 1649 1887 2751 3398 3815 4135 4489 4938 5336 5557 5869 6299 6803 6859 7236 7508 7856 8085 8345 8670 9197 9380 9941 
26 175 463 639 1262 1719 2420 2870 3087 3176 3441 3865 4099 4535 4888 5224 5559 6114 6346 6756 7614 8000 8355 8496 8913 9233 9918 
30 176 550 1189 1297 1552 2131 2238 2364 2662 2979 3326 3595 3809 4122 4470 4862 5363 6005 6332 6700 6931 7175 7472 7715 8093 8258 8526 9183 9524 9837 
27 177 565 1186 1525 2185 2321 2498 3185 3281 3607 4352 4549 4978 5341 5532 6025 6363 6613 6883 7023 7439 8035 8374 8612 8915 9244 9562 
27 178 530 759 1149 1472 1654 1898 2383 2722 3095 3557 3770 4237 4516 5194 5619 6199 6688 7025 7470 7727 8197 8579 8922 9064 9389 9896 
25 179 533 773 1036 1395 1689 2188 2564 3142 3769 4326 4708 4885 5234 5536 6244 6630 7039 7362 8004 8327 8695 9118 9512 9968 
25 180 516 1441 1994 2446 2747 3094 3506 3733 3765 4275 4710 5087 5530 6159 6598 7056 7641 7897 8383 8605 8899 9248 9717 9921 
27 181 869 1265 1378 1659 2154 2474 2849 3177 3605 3826 4088 4582 4873 5156 5395 5718 6154 6389 6459 6770 7134 7696 8135 8934 9464 9979 
28 182 512 1024 1127 1509 1854 2347 3030 3307 3894 4107 4363 4754 5016 5568 6057 6557 6892 7176 7513 7826 8107 8165 8414 8838 9115 9534 9718 
31 183 412 753 1105 1256 1541 1620 1938 2398 2597 3052 3481 3998 4462 4636 4826 5021 5417 5836 5937 6109 6599 6882 7076 7316 7748 8090 8143 8827 9066 9309 
26 184 852 1364 1613 2240 2643 2906 3037 3156 3489 3933 4477 4722 4991 5135 5615 5924 6174 6920 7312 7813 8077 8423 8786 9410 9643 
28 185 468 879 1242 1679 1894 2265 2969 3170 3712 4246 4413 4937 5381 5646 5753 6103 6376 6521 6642 7015 7382 7738 7937 8379 8949 9352 9597 
27 186 351 1013 1438 1596 1942 2393 2592 2945 3224 3748 4175 4732 5264 5582 5980 6272 6488 6959 7155 7671 8045 8406 8679 8928 9178 9610 
29 187 439 995 1137 1523 2147 2609 3061 3336 3623 3734 4219 4624 5226 5431 5527 5921 6202 6585 6870 7079 7388 7700 8105 8274 8537 8812 9067 9408 
27 188 1027 1358 1469 1841 2312 2631 3253 3652 3886 4220 4446 4964 5207 5322 5383 5770 6207 6457 6663 7172 7666 7985 8174 8887 9404 9777 
28 189 453 552 1093 1275 1681 1985 2288 2746 3045 3781 4079 4479 4855 5012 5326 5606 5948 6276 6414 6747 7115 7553 8430 8823 9245 9502 9721 
37 190 563 940 1211 1513 1885 2143 2642 2908 2986 3218 3381 3666 3812 4080 4248 4487 5011 5094 5229 5514 5756 5856 6047 6209 6499 6805 7184 7412 7831 7952 8026 8542 9088 9426 9527 9755 
27 191 509 720 993 1208 1454 2136 2524 3044 3302 3648 3864 4378 4453 4926 5242 5865 6349 6911 7223 7694 7938 8498 8643 9209 9367 9772 
28 192 705 928 1337 1491 1592 1959 2467 2874 3551 4059 4420 4565 4715 4850 5048 5285 5808 6305 6917 7159 7821 8178 8939 9395 9696 9744 9889 
33 193 360 606 859 1130 1397 2051 2357 2456 2763 2878 2983 3260 3594 4084 4234 4397 4786 5243 5561 5889 6413 6610 6804 7252 7618 7955 8014 8303 8613 8988 9179 9753 
27 194 570 1278 1594 2017 2605 2990 3409 3673 4201 4528 4738 5067 5367 5632 6218 6594 6891 7110 7350 7949 8226 8398 8591 9027 9201 9703 
28 195 781 1194 1619 2020 2402 2646 2918 2995 3308 3567 3907 4512 4932 5520 5883 6050 6406 6771 7256 7360 7680 8075 8466 8969 9246 9584 9953 
32 196 566 883 1495 1773 2216 2926 3141 3241 3680 4111 4327 4640 4744 4925 4995 5204 5648 6136 6301 6492 7126 7282 7561 7895 8319 8521 8744 9153 9349 9544 9842 
29 197 358 588 1166 1639 2157 2396 3025 3203 3676 3991 4372 4611 4922 5237 5703 6060 6373 6866 7339 7675 8047 8325 8473 8721 9032 9308 9499 9672 
30 198 768 1220 1494 1933 2132 2447 2558 2785 3231 3898 4155 4630 4970 5160 5422 5763 6034 6138 6450 6608 7033 7565 7745 8078 8429 8828 9397 9822 9916 
30 199 372 683 1001 1390 1763 2026 2486 2814 3188 3405 3777 4242 4728 4941 5228 5472 5657 6064 6116 6490 6961 7188 7516 7809 8208 8397 8626 9161 9711 
29 200 620 776 1114 1565 1970 2274 2370 2756 2997 3309 3396 3678 4266 4450 4626 4944 5637 5959 6278 6806 7171 7495 8028 8554 8667 9171 9538 9907 
28 201 396 637 913 1238 1532 1835 2232 2740 3047 3378 3763 3977 4358 4672 5036 5255 5577 6144 6534 6875 7222 7647 8187 8321 8752 9422 9603 
26 202 703 802 944 1177 1384 1680 2480 2664 3277 3878 4140 4540 4812 5477 6021 6375 7017 7501 7673 8053 8601 9083 9433 9594 9902 
27 203 477 1292 1965 2239 2654 2971 3274 3708 4065 4631 4904 5407 5500 5913 6495 6703 6760 7157 7490 8040 8240 8501 8785 9057 9342 9798 
32 204 484 856 1193 1392 1687 1853 2338 2541 2635 2902 3521 3810 4205 4379 4548 4737 5257 5673 5813 6225 6549 6886 7154 7430 7934 8467 8727 9010 9344 9446 9873 
28 205 864 1118 1329 1724 2282 2520 2961 3161 3421 3790 4249 4602 5212 5537 6040 6319 6612 6879 7260 7716 8043 8239 8545 8888 9117 9523 9836 
28 206 496 818 1610 1775 2234 2898 3388 3600 3999 4277 4410 4952 5155 5670 6213 6659 7049 7341 7589 7884 8168 8566 8984 9313 9432 9821 9946 
30 207 540 917 1276 1374 1518 1725 1937 2333 2565 3077 3353 4028 4203 4464 4614 4955 5450 5713 6307 6643 6768 7357 7615 8070 8369 8659 8717 9474 9783 
29 208 420 881 1254 1785 2022 2499 2861 3165 3348 3780 3904 4226 4837 4996 5238 5525 5767 6076 6561 6975 7532 7890 8076 8299 8609 8842 9180 9393 
31 209 399 630 985 1371 1663 1809 2181 2448 2650 3115 3571 3872 4071 4494 4781 5043 5359 5810 6110 6606 7116 7400 7655 8032 8624 9049 9396 9536 9863 9915 
27 210 384 708 967 1328 1603 1796 2006 2555 2776 3267 3771 3963 4476 4908 5510 5824 6122 6684 7202 7586 7836 8525 8649 9159 9453 9780 
28 211 732 1055 1403 1652 2083 2485 2681 3219 3332 3737 4141 4323 4724 5208 5709 5952 6525 7051 7250 7725 7930 8272 8564 8890 9287 9829 9986 
27 212 437 687 1089 1369 1770 2291 2688 2827 3298 3814 4123 4586 4845 5369 5508 5996 6248 6573 7129 7521 8027 8683 8903 9194 9647 9983 
28 213 1003 1602 1893 2068 2648 3254 3454 3685 3984 4380 4517 4607 5060 5380 5745 5968 6355 6508 6773 7438 7896 8200 8417 8873 9187 9602 9803 
27 214 492 863 1450 2046 2373 3033 3150 3331 3627 3934 4572 5355 5687 5910 6255 6339 6600 7389 7502 7859 8091 8453 8662 8916 9376 9674 
23 215 441 795 1285 1690 1743 2581 3342 3399 3709 4023 4392 4621 5180 5659 6091 6279 6872 7433 8008 8413 9225 9739 
31 216 491 980 1085 1590 1759 1973 2224 2365 2615 2958 3149 3440 3778 4144 4399 4550 5042 5414 5735 6156 6616 6860 7257 7739 8121 8511 8844 9024 9472 9932 
28 217 668 1195 1479 1932 1975 2228 2612 2787 3123 3577 4116 4393 5172 5787 6017 6531 6641 6827 7396 7634 8150 8610 8797 9019 9317 9638 9978 
30 218 502 1050 1543 1906 2299 2587 2772 3139 3406 3788 4255 4430 4638 5141 5372 5728 6333 6645 7004 7317 7366 8021 8380 8875 9116 9483 9685 9799 9891 
26 219 664 1152 1566 2078 2523 3133 3320 3906 4538 5018 5077 5462 5769 6188 6511 6685 7092 7234 7591 8010 8403 8712 9142 9439 9949 
28 220 1021 1368 1688 1983 2057 2331 2712 3207 3553 4098 4520 4997 5183 5440 5747 6053 6831 7014 7204 7414 7571 7628 7867 8363 8963 9448 9925 
26 221 517 930 1515 1988 2280 3341 3937 4062 4211 4304 4534 4887 5027 5760 6081 6526 7008 7243 7761 7960 8277 8698 8886 9369 9762 
31 222 403 642 968 1308 1794 1981 2497 2897 3138 3363 3534 3850 4328 4780 5571 5876 6172 6394 6987 7374 7781 7880 8120 8447 8993 9220 9412 9649 9794 9992 
27 223 685 1023 1584 2053 2503 2726 3064 3547 4012 4508 5049 5385 5699 5931 6633 6861 6983 7307 7558 7876 8141 8259 8440 9061 9169 9551 
26 224 449 536 785 936 1288 1852 2199 2798 3167 3653 3952 4348 4665 4957 5354 5692 5973 6388 7094 7753 8241 8470 8714 8965 9568 
28 225 544 948 1342 2012 2606 2859 2924 3108 3368 3820 4072 4466 4695 5283 5623 5992 6158 6433 7019 7721 8214 8505 8654 8825 9569 9814 9930 
26 226 643 1263 1614 2285 2422 2704 2950 3111 3270 3499 3663 4369 4664 4975 5424 5563 5936 6552 7103 7544 8041 8531 8954 9327 9846 
27 227 369 672 889 1432 1779 2283 2571 2847 3213 3423 3579 4265 4594 5457 5806 6139 6398 6712 7284 7627 7939 8211 8332 8720 9361 9582 
25 228 419 736 1133 1404 1777 2249 2684 2927 3264 3395 3829 4089 4686 5045 5674 6131 6501 6710 7210 7397 7980 8444 9028 9428 
28 229 761 1150 1321 1647 1954 2037 2344 2569 2989 3562 3736 3853 4376 4705 4881 5382 5797 6281 6970 7095 7723 8180 8584 9059 9134 9466 9927 
27 230 594 977 1198 1716 1991 2403 2959 3257 3473 3732 4095 4533 5078 5421 5665 6088 6366 6646 7125 7484 7888 8399 8863 9074 9592 9773 
27 231 797 1232 1737 2091 2417 3206 3798 3973 4435 4880 5097 5325 5679 5916 6402 6845 7254 7519 7554 7918 8589 8756 8920 9239 9589 9876 
23 232 534 714 1129 1711 2341 2506 2915 3525 3908 4434 4805 5247 5399 6037 6555 7144 7440 7908 8433 8650 9012 9416 
27 233 528 999 1322 1598 2152 2582 2761 3051 3493 3891 4625 5037 5296 5675 5782 6121 6361 6919 7117 7765 8130 8532 9042 9357 9738 9885 
30 234 455 895 1179 1501 1656 2005 2304 2759 3049 3514 3831 3960 4564 5193 5589 5837 6001 6234 6624 6905 7311 7653 7902 8175 8596 9119 9266 9590 9991 
29 235 640 886 1060 1410 1718 2252 2593 3197 3642 3841 3956 4094 4762 5254 5739 6262 6382 6639 6867 7130 7559 7996 8370 8999 9289 9429 9609 9913 
28 236 406 669 1103 1934 2269 2550 2690 2985 3451 3587 3901 4150 4557 4899 5304 5908 6273 6668 6840 7314 7849 8238 8651 9213 9460 9554 9735 
30 237 688 926 1183 1430 1874 2300 2812 3175 3404 3945 4166 4599 4919 5429 5663 6046 6764 7122 7464 7631 7875 8245 8705 8930 9160 9322 9626 9882 9972 
30 238 557 741 872 1006 1383 1516 1877 2407 2715 3212 3471 3702 4132 4429 4961 5301 5777 6117 6518 6801 7209 7329 7842 8494 8822 9020 9254 9481 9857 
25 239 598 990 1231 1732 2049 2428 2893 3512 4001 4522 4633 4934 5306 5672 6247 6522 7195 7728 8280 8535 8946 9108 9531 9775 
32 240 422 969 1567 1697 2193 2457 2629 2978 3237 3825 3954 4187 4459 4644 5095 5231 5523 5773 5928 6512 6888 7071 7166 7249 7402 7763 8061 8408 8852 9113 9444 
25 241 597 830 1212 1573 2122 2586 2996 3242 3892 4383 5122 5634 6026 6669 7098 7344 7514 8015 8324 8499 8811 9051 9401 9688 
30 242 686 1035 1455 1606 2043 2318 2412 2554 2843 3182 3300 3917 4181 4684 5057 5439 5977 6157 6551 6912 7489 7690 7969 8118 8236 8404 8716 9176 9564 
32 243 1031 1162 1616 1876 1984 2113 2254 2575 2853 3010 3107 3351 3849 4243 4910 5050 5273 5642 5897 6187 6507 6981 7576 8056 8216 8451 8766 9094 9301 9767 9826 
24 244 593 820 1401 1545 1948 2619 2910 3250 3377 3935 4325 4666 4896 5292 6168 6650 7368 7984 8237 8623 9086 9473 9727 
31 245 867 1222 1489 1902 2397 2465 2699 2920 3252 3664 3767 4227 4571 4721 5165 5405 5562 5863 6401 6556 7244 7603 7691 8266 8513 8897 9102 9576 9771 9895 
28 246 434 848 1148 1429 1720 2116 2468 2792 3129 3434 3723 4133 4707 5184 5593 5743 5941 6149 6652 7226 7394 7601 8222 8691 9292 9605 9868 
27 247 857 1110 1332 1572 1834 2036 2440 2872 3349 3718 4210 4524 4833 5101 5613 5911 6709 7027 7289 7444 8073 8368 8880 9071 9414 9683 
30 248 474 734 875 1299 1505 1825 2002 2227 2242 2514 2957 3102 3535 4193 4680 4883 5202 5442 5654 5866 6295 7142 7499 7749 7901 8329 8736 9130 9724 
31 249 558 794 1098 1730 2162 2375 2719 3199 3448 3754 3903 4200 4519 4796 4999 5124 5403 5737 6205 6422 6469 6900 7517 7994 8343 8733 9235 9585 9681 9960 
28 250 486 645 938 1216 1891 2144 2366 2973 3272 3855 4218 4615 4893 5110 5556 5667 6022 6565 6842 7274 7450 7964 8455 8680 9243 9517 9636 
27 251 514 854 1379 1643 1907 2165 2490 2807 3258 3822 4182 4836 5100 5524 5933 6102 6428 6994 7342 7595 7953 8183 8437 8840 9459 9865 
33 252 482 659 1052 1156 1548 1931 2093 2173 2262 2493 2695 2846 3262 3662 4053 4250 4442 4933 5305 5849 6163 6436 6958 7308 7512 7713 8123 8322 8703 9089 9465 9729 
31 253 510 709 991 1340 1843 2192 2429 2677 2864 3325 3588 3677 4017 4485 4784 5072 5585 6016 6164 6290 6843 7037 7498 7870 8416 8738 9226 9508 9699 9892 
30 254 382 678 885 1247 1838 2319 2488 2867 3239 3669 3972 4183 4491 4596 4982 5347 5594 6036 6222 6417 6619 7253 7585 8217 8562 8959 9279 9493 9808 
23 255 651 982 1244 1660 2306 2713 3154 3860 4239 4495 4936 5349 5629 6442 6938 7280 7609 8184 8548 9036 9427 9664 
29 256 658 939 1136 1527 1755 2123 2501 2608 2797 3118 3450 3598 3989 4414 4923 5146 5378 5668 5984 6410 6731 6884 7200 7659 8124 8617 9114 9805 
31 257 760 1077 1283 1551 1810 1986 2217 2725 3144 3478 3719 3928 4452 4701 5098 5299 5788 6350 6503 7024 7080 7320 7496 7764 8161 8358 8539 8876 9325 9975 
27 258 835 1227 1577 2058 2504 2913 3222 3436 4019 4409 4620 4950 5112 5499 5744 5944 6215 6736 7003 7492 8136 8647 8923 9204 9521 9962 
28 259 617 1078 1537 2079 2259 2657 3131 3522 3665 3940 4432 4771 5196 5746 6086 6393 6766 7048 7296 7758 8002 8205 8488 8701 9056 9190 9611 
30 260 583 815 914 1417 1692 1968 2120 2692 3007 3413 3789 4370 4841 5153 5430 5731 5978 6426 6609 6880 7193 7446 7642 7914 8113 8588 8962 9494 9843 
27 261 853 1421 1642 1989 2416 2552 2819 3076 3283 3800 4198 4668 5130 5511 5957 6337 6574 6837 7304 7811 8025 8512 8799 9255 9730 9995 
31 262 648 974 1452 1677 1926 2294 2491 2683 3132 3486 3827 4257 4390 4475 4730 5169 5371 5706 6020 6586 6755 7042 7449 7733 7851 8104 8296 8795 9157 9754 
26 263 405 839 1173 1370 1549 2196 2405 3080 3382 3691 3941 4308 4748 5092 5334 5596 5943 6513 7331 8153 8386 8652 9038 9624 9818 
29 264 789 899 1091 1203 1555 1845 2613 3017 3284 3919 4230 4515 4898 5454 5519 5874 6323 6592 6925 7310 7917 8304 8524 8985 9192 9476 9540 9905 
29 265 710 891 1155 1415 1886 2241 2482 2850 3259 3842 4153 4652 5026 5311 5564 5811 6201 6576 6929 7127 7293 7626 8089 8602 9293 9469 9831 9951 
32 266 584 868 1011 1305 1609 1997 2202 2475 2914 3101 3360 3570 4125 4531 4989 5346 5832 6434 6497 6602 6797 7107 7407 7703 7871 8246 8621 9041 9256 9510 9884 
25 267 549 850 1248 1564 1669 2014 2691 2948 3430 3961 4171 4471 4776 5490 6008 6734 7113 7373 7718 7999 8446 8569 9269 9662 
27 268 456 766 1134 1793 2121 2531 2689 3009 3233 3542 3923 4422 4551 4806 5393 5741 6195 6769 7104 7327 7789 8062 8393 8688 8901 9747 
26 269 813 1229 1651 2119 2313 2830 3179 3510 3726 3974 4214 4905 5063 5300 5818 6080 6662 7182 7593 8051 8276 8741 9030 9337 9673 
33 270 478 695 907 1164 1556 2086 2315 2714 2916 3452 4104 4400 4646 4808 4986 5209 5671 6175 6558 6722 6829 7198 7459 7806 8138 8502 8625 8885 9210 9449 9567 9737 
32 271 436 762 992 1315 1504 1878 2129 2728 2854 3026 3323 3647 4022 4391 4717 5028 5575 6043 6533 6717 7061 7483 7805 8173 8598 8718 8943 9063 9182 9415 9766 
29 272 866 1279 1486 1696 2115 2820 3099 3447 3834 4043 4384 4648 5166 5643 5873 6056 6241 6345 6579 6720 6990 7309 7500 8067 8582 8843 9156 9471 
29 273 451 874 1215 1819 1922 2225 2336 2729 3318 3758 4231 4344 4838 5144 5274 5647 5702 6000 6427 6841 7119 7230 7676 8315 8724 8871 9173 9697 
28 274 416 661 1121 1666 2109 2267 2578 3035 3205 3851 4448 4871 5134 5461 5915 6145 6814 7088 7259 7345 7677 8227 8608 8853 9373 9623 9945 
29 275 435 541 796 1174 1465 1840 2310 2602 3079 3244 3387 3914 4274 4570 5046 5469 5740 5960 6238 6593 6802 7321 7635 7863 8154 8583 9050 9482 
26 276 569 1004 1122 1330 1890 2054 2391 3046 3606 3918 4124 4529 5195 5627 6028 6258 6548 6604 6930 7016 7165 7598 8157 8558 9236 
27 277 426 692 1464 1865 2322 2481 2786 3273 3527 3896 4196 4444 4759 5545 6118 6326 6529 6677 6887 7146 7491 8034 8377 8801 9018 9840 
25 278 415 726 1151 1517 2085 2585 2702 3417 4143 4433 4866 5438 5938 6151 6383 6809 7218 7649 7894 8378 8673 9009 9305 9708 
28 279 567 1070 1526 1782 1929 2072 2445 2757 3226 3899 4318 4720 5073 5512 5757 6104 6465 7124 7224 7435 7705 8109 8341 8787 9124 9405 9847 
29 280 525 764 997 1536 1849 2327 2698 2886 3456 3772 4263 4320 4831 5152 5452 5940 6277 6798 7173 7515 7742 7853 8108 8307 8629 9058 9265 9855 
34 281 556 994 1352 2050 2278 2685 3056 3193 3304 3802 4310 4411 4671 5009 5333 5413 5474 5610 5887 5998 6344 6833 7221 7572 8163 8425 8748 9023 9093 9217 9496 9619 9838 
31 282 861 1178 1574 1839 1990 2082 2297 2651 2836 3058 3198 3649 4051 4387 4679 5088 5445 5639 5884 6251 6591 6957 7411 7636 7840 8063 8302 8983 9522 9656 
31 283 354 609 1012 1420 1765 1977 2458 2775 3100 3209 3556 3835 4108 4474 5136 5459 5607 5989 6169 6539 7075 7381 7645 7797 7940 8253 8599 8874 9164 9741 
28 284 546 1033 1496 1866 2174 3126 3667 4168 4381 4723 5061 5598 5999 6120 6318 6432 6793 6921 7163 7476 7983 8235 8707 9143 9441 9652 9912 
32 285 787 1002 1172 1386 1702 2518 2993 3282 3576 3852 4129 4283 4597 4870 5143 5506 5906 6165 6291 6587 6942 7045 7547 7737 8291 8510 8951 9078 9456 9579 9996 
26 286 487 774 1051 1456 1998 2213 2413 3029 3559 3930 4417 4578 4939 5199 5907 6141 6589 7026 7349 7979 8357 8637 8902 9251 9867 
28 287 627 902 1100 1277 1612 1953 2201 2584 2885 3310 3661 3805 4126 4622 4935 5517 5871 6468 6751 7318 7684 8007 8435 8706 9054 9346 9760 
31 288 604 1382 1676 2029 2367 2464 2638 2824 3278 3725 3764 4057 4406 4719 4821 5350 5835 6111 6321 6628 6799 6955 7238 7447 7679 8128 8450 8979 9490 9802 
29 289 377 586 845 1355 1413 1979 2303 2665 3075 3428 3876 4119 4441 4616 5096 5555 5894 6189 6653 7112 7466 7619 7903 8559 8676 8976 9362 9809 
32 290 467 621 739 1108 1182 1388 1754 2250 2579 3073 3475 3634 3735 3983 4362 4610 5062 5365 5843 6268 6564 6895 7005 7326 7542 7900 8353 8660 9003 9336 9716 
28 291 497 842 925 1160 1665 2033 2570 2826 3504 3687 4431 4729 4920 5221 5853 5993 6239 6336 6510 7139 7588 7872 8213 8503 8653 9328 9813 
31 292 450 870 1197 1521 1797 2418 2730 2968 3228 3574 3947 4142 4521 4712 4859 5586 6024 6191 6372 6520 6757 7177 7608 7951 8389 8753 9174 9285 9612 9736 
29 293 466 932 1144 1202 1426 1861 2170 2471 2783 3370 3597 4075 4798 5432 5640 6066 6542 7145 7465 7551 7702 8066 8402 8829 9111 9360 9565 9903 
27 294 599 810 1059 1287 1607 1758 2032 2329 2768 3372 3705 4295 4467 4822 5215 5641 6196 6611 7100 7860 8347 8575 8820 9132 9358 9924 
28 295 826 904 1113 1633 2071 2634 3520 3965 4228 4484 4856 4897 5352 5569 5945 6242 6583 6941 7084 7431 7681 8297 8551 8942 9205 9516 9917 
27 296 473 1140 1360 1921 2210 2737 3245 3449 3656 4085 4663 5117 5420 6031 6335 6656 6704 6898 7273 7771 7919 8265 8792 9391 9651 9904 
27 297 379 417 607 1123 1444 1823 2251 2505 3120 3631 4064 4788 5217 5384 5552 5669 5847 6011 6325 6877 7109 7379 7976 8618 9278 9704 
27 298 724 843 1313 1745 2158 2627 2894 3158 3508 4217 4558 5182 5453 5917 6179 6385 6569 6865 7759 7966 8140 8590 8914 9029 9586 9899 
30 299 376 529 966 1170 1261 1795 2257 2658 2974 3604 3877 4388 4740 5006 5318 5645 6038 6227 6464 6767 7212 7403 8072 8323 8685 8957 9221 9370 9648 
29 300 461 962 1291 1440 1562 2027 2237 2437 3005 3364 3992 4194 4794 5064 5415 5964 6621 6775 6947 7351 7710 7817 8212 8461 8774 8947 9388 9841 
30 301 367 526 1048 1411 1615 1864 2024 2245 2940 3220 3532 3773 4188 4523 4818 5312 5604 6134 6282 6380 6761 7183 7778 8146 8452 8674 9062 9364 9806 
31 302 551 1221 1769 1949 2198 2912 3214 3526 3711 3990 4395 4539 4853 5102 5377 5617 5845 5983 6150 6449 6698 7062 7353 7537 7830 8457 8781 9125 9442 9587 
28 303 572 880 1228 1508 2023 2167 2415 3004 3524 3717 3920 4271 4685 5151 5591 5898 6178 6369 6794 7022 7442 7945 8568 8710 8955 9294 9519 
36 304 504 836 1158 1550 1751 1960 2301 2618 2962 3124 3269 3467 3641 3985 4276 4437 4909 5240 5850 5961 6327 6869 7085 7277 7685 7874 7929 8177 8523 8675 8796 9039 9170 9615 9914 
28 305 814 1463 1645 2074 2459 2852 3137 3358 3986 4223 4741 5308 5579 5923 6032 6644 6922 7242 7494 7629 8017 8313 8747 8974 9298 9341 9861 
32 306 647 882 1423 1522 1966 2134 2272 2556 3146 3386 3729 3942 4063 4216 4488 4642 4825 4912 5171 5868 6370 6683 6927 7376 7670 8170 8346 9208 9692 9839 9893 
29 307 840 1053 1365 1714 2233 2473 2784 3294 3628 3969 4050 4407 4953 5157 5270 5554 6167 6566 6855 7303 7638 7828 8022 8215 8912 9025 9588 9989 
29 308 614 1032 1919 2305 2559 2855 3070 3431 3774 4204 4493 4861 5132 5493 5711 5912 6444 6654 6923 7413 7621 8137 8333 8533 8729 9359 9563 9860 
27 309 506 727 877 1230 1717 2073 2483 2667 3013 3401 3740 4162 4317 4537 5118 5356 5759 6246 7020 7570 7987 8228 8571 9290 9484 9816 
30 310 538 754 1088 1339 1629 2256 2633 2744 2925 3511 4011 4296 4809 5051 5123 5282 6125 6359 6868 6964 7416 7599 7794 8060 8295 8638 9079 9252 9693 
28 311 520 735 953 1236 1828 2309 3032 3688 4159 4598 4990 5269 5362 5738 6075 6397 6524 6871 7429 7613 8071 8394 8746 8856 9100 9691 9955 
31 312 731 915 1010 1389 1847 2098 2515 2701 2972 3301 3419 3505 3943 4386 4902 5351 5636 5886 6340 6538 6742 6960 7667 7868 7921 8210 8595 9017 9311 9781 
28 313 592 1022 1451 1597 1826 2103 2363 2663 3319 3766 4156 4311 4801 5409 5611 5890 6072 6403 6615 7151 7687 8364 8869 9253 9386 9728 9922 
29 314 385 605 906 984 1373 1735 2139 2733 2987 3322 3808 4270 4698 5020 5185 5682 5828 6462 6763 6988 7150 7526 7920 8487 8826 9211 9710 9878 
34 315 858 1090 1163 1434 1580 1750 2172 2423 2626 2887 3343 3590 3875 4038 4590 5001 5075 5339 5653 5861 6423 6697 7181 7391 7708 8114 8257 8656 8713 8898 9087 9261 9537 
27 316 353 503 896 1219 1621 2316 2717 3333 3578 4106 4504 5038 5192 5566 5772 5979 6367 6723 6909 7418 7862 8269 8904 9202 9742 9897 
25 317 625 1111 1473 1850 2248 2273 2863 3572 4262 4486 4757 5298 5970 6330 6446 6657 7281 7410 7741 8081 8442 8927 9230 9642 
29 318 498 894 1300 1477 2039 2750 2829 2944 3164 3540 3791 4148 4454 5002 5624 5754 6231 6926 7187 7387 7594 7695 8003 8233 8476 8998 9291 9506 
28 319 616 1076 1185 1698 2106 2567 2960 3528 3759 4014 4172 4463 4791 4976 5705 6530 6783 7073 7332 7648 8247 8489 8849 8997 9097 9351 9627 
28 320 402 428 996 1175 1484 1831 2406 2813 3127 3670 3987 4213 4440 4678 5241 5816 6452 6906 7286 7385 7674 7990 8223 8606 8777 9046 9462 
29 321 667 1145 1338 1553 1722 1908 2236 2832 2917 3065 3466 3584 3768 4146 4468 4789 5085 5719 6061 6200 6409 6916 7706 8310 8855 9350 9577 9898 
29 322 471 955 1204 1474 1728 2169 2502 3357 3818 4178 4424 4783 5408 5601 6197 6480 6578 7078 7480 7803 7855 8262 8540 8815 9084 9320 9556 9936 
29 323 464 921 1449 1694 1947 2266 2377 2731 3121 3334 3671 4192 4365 4889 5271 5701 6007 6182 6476 6713 7180 7523 7981 8249 8807 9234 9467 9947 
29 324 636 1302 1860 1951 2295 2360 2537 2933 3216 3710 3840 4114 4359 4747 5041 5331 5815 6288 6617 7323 7531 7924 8572 8791 9273 9348 9599 9722 
33 325 489 757 1083 1351 1815 2117 2168 2553 3063 3285 3455 3629 3796 4261 4704 4906 5357 5605 6133 6334 6702 6932 7486 7760 7992 8038 8396 8658 8958 9135 9743 9942 
33 326 501 681 791 1272 1405 1617 1734 2009 2350 2601 2833 3255 3803 3885 4154 4511 4745 5149 5433 5686 6089 6233 6581 6739 7018 7348 7539 7879 8376 8848 9136 9761 
28 327 362 729 1082 1393 1742 2212 2576 3109 3439 3832 4042 4505 5145 5475 5616 6184 6467 6846 7068 7420 7661 8069 8188 8495 8576 8882 9200 
29 328 560 816 1239 1561 1774 1978 2434 3074 3580 3870 4394 4761 5032 5197 5391 5656 5764 6284 6991 7225 7857 7922 8094 8218 8945 9553 9820 9906 
28 329 350 537 721 888 1503 1723 2059 2548 2752 2895 3477 3880 4083 4763 5287 5458 6062 6320 6666 7196 7787 8044 8415 8704 9110 9214 9943 
28 330 778 981 1146 1306 1668 2111 2298 2623 3151 3500 3797 4360 4654 5127 5358 5573 5833 6252 6789 7069 7773 8309 8669 8862 9237 9470 9763 
29 331 433 564 831 1270 1498 1848 2219 2672 2816 3201 3658 4165 4469 4702 5108 5580 5841 6108 6817 7319 7841 8127 8349 8481 8693 9073 9379 9719 
25 332 618 1346 1507 1905 2574 2822 3096 3608 4100 4419 4703 5010 5466 5859 6077 6293 6635 7380 7915 8260 8593 8894 9398 9709 
31 333 462 733 1184 1264 1361 1700 2133 2372 2530 2789 3114 3411 3480 3793 3971 4321 4503 4692 4956 5329 5683 5935 6311 6634 7097 7405 7898 8106 8835 9307 
31 334 361 775 918 1168 1196 1626 1814 2211 2762 2871 3515 3755 4026 4356 4694 5558 5749 6051 6412 6818 7036 7128 7346 7625 8101 8504 8872 9334 9539 9985 
27 335 483 893 1341 1808 2140 2693 2888 3191 3543 3749 4385 4647 5210 5392 6092 6489 6790 6956 7278 7525 7783 8418 8836 9127 9272 9768 
30 336 690 959 1245 1622 1662 1856 2034 2487 2868 3135 3479 4049 4288 4603 5014 5446 5693 5848 6192 6453 7043 7378 7563 8338 8893 9004 9425 9504 9669 
26 337 577 1008 1311 1827 2067 2532 2882 3610 4267 4660 5250 5780 5909 6324 6856 7361 7818 8024 8254 8563 9031 9345 9549 9807 9883 
26 338 679 750 1223 2030 2384 2742 3328 3485 3833 4102 4375 4865 5404 5877 6208 6718 7035 7330 7732 7998 8465 8775 9162 9530 9881 
33 339 373 798 1039 1367 1593 1799 2127 2443 2782 2988 3476 3799 4070 4334 4847 5013 5518 5783 6365 6828 7093 7294 7587 7660 7913 8191 8694 8865 9198 9271 9445 9791 
31 340 600 1235 1353 1581 1801 2222 2590 2935 3086 3376 3554 3782 4285 4868 5310 5540 5790 6112 6419 6711 6978 7201 7300 7534 8058 8331 8702 8895 9138 9608 
28 341 383 505 1017 1106 1309 1638 2070 2382 3136 3497 3724 4173 4649 5056 5278 5717 6127 6415 6986 7415 7682 8284 8692 8800 9090 9366 9750 
29 342 663 979 1447 1935 2092 2275 2753 3163 3402 3730 4078 4335 4619 4699 5159 5448 5852 6571 6811 7083 7493 7744 8080 8268 8639 9033 9354 9715 
29 343 518 807 1097 1327 1684 2069 2374 2528 2828 3122 3609 4272 4739 5236 5396 5914 6265 6416 6629 6973 7143 7814 8020 8171 8464 8896 9417 9595 
25 344 418 674 961 1323 1712 2066 2426 3235 3498 3988 4460 4673 4921 5290 5602 5727 6532 6725 7478 8064 8359 8603 9069 9347 
26 345 702 1069 1345 1644 1787 2221 2732 3020 3393 3674 4010 4355 4954 5267 5588 5812 6338 6993 7363 7970 8401 8631 9040 9604 9874 
30 346 493 801 1101 1805 2075 2400 2509 2930 3446 3613 3839 4208 4903 5113 5239 5410 5649 6173 6572 7052 7270 7338 7657 8055 8283 8668 8755 9356 9758 
25 347 628 1061 1767 2095 2432 2614 3116 3246 3868 4428 4969 5320 5578 5981 6135 6825 7114 7364 7873 8290 8472 8760 8929 9329 
32 348 425 793 1578 2076 2340 2411 2778 3194 3549 3757 4009 4368 4542 4857 5173 5498 5544 5710 5892 6181 6458 6743 7029 7417 8057 8220 8448 8640 9299 9700 9911 
31 349 712 1064 1487 1715 1792 2191 2453 3053 3585 3975 4117 4322 4618 4918 5235 5436 5904 6082 6381 6658 7147 7458 7740 7986 8243 8802 9065 9374 9804 9987 
