3 1 155 295 
3 2 211 296 
3 3 194 266 
4 4 103 238 299 
3 5 128 251 
4 6 123 166 234 
3 7 132 253 
3 8 106 157 
3 9 165 228 
3 10 137 256 
2 11 250 
2 12 280 
2 13 210 
3 14 130 222 
4 15 116 168 235 
2 16 172 
2 17 226 
3 18 129 204 
3 19 176 240 
3 20 164 265 
3 21 191 282 
3 22 144 260 
2 23 142 
3 24 188 243 
3 25 102 182 
2 26 205 
3 27 115 276 
3 28 127 254 
4 29 183 247 289 
3 30 138 215 
4 31 107 196 264 
3 32 151 255 
3 33 192 224 
2 34 268 
3 35 134 214 
3 36 117 261 
3 37 174 300 
3 38 175 259 
2 39 153 
3 40 145 207 
4 41 167 199 293 
3 42 184 285 
2 43 249 
3 44 181 288 
5 45 110 147 252 297 
4 46 105 189 273 
2 47 178 
2 48 218 
2 49 227 
2 50 248 
3 51 179 257 
4 52 120 230 281 
5 53 131 169 231 271 
4 54 156 239 290 
2 55 225 
3 56 112 206 
4 57 118 161 237 
3 58 195 246 
4 59 111 143 236 
3 60 160 262 
3 61 122 283 
4 62 108 201 274 
4 63 135 208 298 
2 64 220 
3 65 114 217 
3 66 159 216 
3 67 104 170 
3 68 140 229 
3 69 185 279 
3 70 146 258 
4 71 158 221 267 
4 72 148 232 275 
4 73 124 203 263 
2 74 186 
2 75 180 
2 76 162 
3 77 152 242 
3 78 149 287 
3 79 126 212 
2 80 177 
2 81 197 
3 82 187 270 
4 83 119 139 292 
2 84 245 
2 85 141 
2 86 193 
4 87 121 171 277 
3 88 163 241 
2 89 202 
2 90 244 
4 91 133 200 209 
3 92 125 213 
2 93 150 
5 94 101 113 219 284 
3 95 198 291 
4 96 136 223 272 
2 97 233 
4 98 190 269 294 
3 99 173 278 
4 100 109 154 286 
