12 1 735 1347 2061 2401 2519 2863 2958 3359 5443 7689 8041 
29 2 1125 1454 1736 2091 2190 2257 2409 2754 3056 3450 3778 4004 4340 4671 4909 5090 5212 5565 5828 6141 6402 6550 6849 7134 7208 7306 7506 7601 
16 3 600 846 1206 1579 1916 2194 2350 2692 2994 3293 3657 4121 4426 4797 7463 
29 4 733 1114 1792 2042 2235 2632 2812 3080 3577 3803 4122 4447 4791 4969 5221 5411 5656 5862 6150 6367 6429 6668 6770 7100 7357 7676 7862 8015 
24 5 474 948 1309 1653 2134 2647 2950 3304 3629 3739 4177 4519 4641 4926 5360 5583 5848 6199 6510 7252 7665 7791 8045 
24 6 553 923 1088 1644 1873 2223 2410 2800 2957 3071 3169 3496 3595 3896 4287 4664 4773 5142 6080 6194 6372 6944 7109 
21 7 550 1289 1722 2365 2846 3050 3480 3552 3795 4348 4581 5339 5804 6117 6456 6677 7124 7524 7896 8088 
16 8 518 870 1242 1494 1857 2007 2341 2813 3345 4022 4139 5639 7105 7368 7907 
22 9 455 1047 1528 1791 1999 3546 4766 5027 5155 5429 5630 5726 5872 6025 6170 6647 6905 7389 7701 8009 8158 
32 10 418 568 886 1157 1588 1793 1991 2253 2501 2770 3126 3593 3831 4054 4270 4575 4809 5201 5398 5575 5749 5926 6437 6569 6740 6853 7198 7307 7541 7875 8057 
13 11 604 988 1356 1570 1897 2115 2333 2837 3290 3623 3655 5852 
29 12 539 1187 1816 2040 2154 2348 2713 2911 3400 3600 3845 4264 4593 5094 5245 5416 5542 5758 6062 6232 6459 6564 6938 7071 7322 7594 7865 8082 
23 13 624 801 1240 1676 1862 2095 2679 3157 3279 3743 4474 4958 5192 5485 5842 6056 6218 6599 6803 7079 7623 8111 
21 14 607 1073 1272 1718 1949 2368 2597 2860 3062 3684 3876 3962 4187 4302 5845 6887 7279 7488 7674 8027 
12 15 583 1261 1633 1702 1934 2426 2719 5040 7360 7624 8155 
23 16 534 1152 1383 1587 2476 2755 3106 3485 3659 3783 4025 4316 4560 5120 5467 5688 5993 6275 6850 7234 7699 7893 
19 17 547 971 1207 2157 2523 2794 3171 3500 3634 4082 4423 4583 4855 5273 5674 5800 5984 8176 
13 18 566 1072 1442 1546 3305 4704 5018 5477 5741 5963 6423 6687 
28 19 917 1221 1476 1830 2233 2393 2625 2855 3214 3674 3848 4134 4441 4649 5046 5359 5555 5699 5929 6271 6497 6586 6780 6946 7256 7744 8177 
10 20 402 732 1091 1378 2003 2298 3943 5554 7167 
21 21 419 914 1056 1375 1883 2616 3192 3588 3835 3923 4173 4511 5191 5438 6200 6488 6838 6965 7270 7507 
18 22 861 1294 1505 1910 2172 2806 3688 4083 4756 5332 5694 6155 6811 7088 7317 7684 7845 
27 23 581 1137 1254 1673 1942 2183 2685 3098 3334 3568 3824 3902 4255 4628 4847 5194 5517 6003 6111 6255 6612 7013 7186 7311 7824 8139 
14 24 2013 3342 5087 6124 6220 6305 6724 6804 7085 7366 7579 7833 8029 
29 25 646 1020 1128 1444 1725 2023 2313 2723 3058 3276 3339 3687 4072 4525 4679 5010 5187 5561 5729 5987 6259 6593 6709 7000 7295 7565 7752 7955 
11 26 1208 1271 1493 2149 2526 2720 2869 3104 3203 5840 
22 27 736 921 1183 1406 1634 1986 2178 3404 4154 4334 4684 5048 5486 5846 6181 6412 6763 7246 7451 7847 8141 
29 28 668 947 1539 1936 2260 2447 2573 2854 2915 3235 3573 3996 4107 4313 4548 4829 5045 5336 5523 5742 5899 6483 6957 7023 7074 7269 7596 7883 
23 29 492 715 1041 1594 1889 2232 2463 2930 3174 3753 4238 4482 4860 5059 5241 5501 5875 6238 6454 6962 7430 7805 
19 30 529 1055 1331 1766 2045 2386 2596 2736 3377 3619 3871 5215 6445 6643 6844 7155 7501 7913 
24 31 445 1007 1253 1642 1868 2353 2480 2832 3172 3374 3458 3892 4086 4197 4392 4574 5093 5536 5813 6208 7022 7468 7851 
16 32 960 1683 2330 2990 3497 3966 4320 4439 5050 5466 5816 6682 6985 7240 7924 
26 33 665 1026 1341 1689 1939 2292 2670 3586 3847 4064 4383 4557 4836 5097 5302 5407 5552 5900 6214 6636 6810 7116 7604 7736 7967 
24 34 972 1090 1447 1744 2065 2435 2595 2985 3549 4087 4284 4435 4549 5054 5363 5673 5897 6265 6607 6911 7739 7842 8040 
25 35 456 965 1560 1837 2126 2608 2839 2965 3433 4041 4461 4758 5083 5262 5463 5722 6244 6657 6765 6883 7098 7573 7903 8172 
13 36 1004 1244 1519 1987 2459 2784 3057 3709 5642 6908 7426 7900 
20 37 491 942 1163 1410 1731 2256 2674 2866 3153 3427 3737 4196 4326 5553 6748 6931 7142 7281 8024 
26 38 707 1103 1487 2141 2460 2648 2828 3097 3386 3589 4051 4237 4607 4862 5055 5570 5628 5779 6113 6509 6715 6937 7620 7831 8160 
30 39 552 811 1005 1471 1593 1802 2020 2352 2564 2601 2750 3472 3770 3987 4485 4792 4988 5233 5626 5839 6089 6355 6537 7067 7452 7568 7697 7841 8096 
20 40 691 1337 1543 1887 2069 2288 2589 2682 2829 3039 3179 3641 4039 4176 4706 5166 5390 5479 6903 
22 41 935 1057 1477 1915 2240 2482 2987 3638 3957 4233 4719 4955 5151 5323 5708 5912 6234 6417 6897 7190 7698 
16 42 644 1101 1436 1898 2354 2611 2843 3091 3467 3672 3918 4433 4808 5092 7393 
18 43 769 1694 2367 2658 2865 3175 3417 3651 4149 4662 4875 5171 5413 5777 6482 6762 7228 
25 44 888 1306 1538 1995 2277 2444 2825 3045 3258 3720 4195 4436 4953 5346 5678 5938 6313 6566 6744 7146 7605 7738 7901 8073 
11 45 425 949 1468 1984 2307 2785 2888 5230 7737 7986 
21 46 589 1108 1557 2146 2544 2814 3081 3165 3308 3524 3780 4074 4397 4526 4680 6283 7401 7570 7694 8025 
18 47 730 896 1196 1738 2120 2641 2752 3891 5515 6241 6439 6675 7036 7157 7361 7589 8056 
21 48 926 1113 1358 1641 1937 2343 2678 3392 3572 3904 4456 4691 4937 5318 6374 6673 7030 7464 7537 8079 
24 49 1043 1513 1978 2418 2606 2892 3215 3482 3692 3869 4265 4755 5176 5291 5532 5975 6120 6413 6945 7131 7387 7770 8075 
11 50 477 2995 5381 5794 6270 6699 6979 7303 7584 7889 
21 51 704 946 1225 1425 1773 2259 2560 2668 2954 3200 3686 4322 5496 6329 6508 6600 6697 7147 7636 8012 
28 52 653 1175 1590 1851 1955 2319 2585 2733 3070 3160 3525 3750 4384 4716 4979 5277 5460 5643 5773 6084 6249 6538 6809 6984 7593 7911 8142 
12 53 451 1009 1247 2795 4007 5475 6726 7392 7915 8013 8112 
20 54 414 586 952 1652 2028 2636 2747 2810 3187 3523 3653 3785 4135 4613 4894 5002 5445 6779 7985 
17 55 465 1117 1277 1534 2034 2234 2449 3796 5105 5327 5733 6400 7136 7417 7815 8092 
11 56 748 1264 1741 1893 2170 2337 2574 5210 7830 8044 
26 57 461 721 1159 1361 1631 1800 2088 2383 2838 3151 3388 3846 4148 4699 5189 5377 5787 6443 6591 6705 6783 7239 7442 7557 8017 
28 58 627 864 1192 1475 2011 2133 2535 3107 3299 4045 4487 4856 4907 5153 5717 5815 6046 6237 6342 6422 6734 6832 7151 7550 7675 7866 8018 
13 59 651 1198 1392 1742 1998 2185 2621 3945 5447 5615 5781 7029 
22 60 587 895 1430 1794 2112 2734 2880 3243 3541 3906 4252 4437 5006 5464 5853 6140 6403 6696 6894 6953 7076 
26 61 546 632 1344 1572 1903 2135 2852 3328 4092 4297 4415 4573 4998 5266 5487 5809 5985 6103 6502 6941 7137 7509 7603 7693 8038 
21 62 648 1035 1399 1929 2142 2491 2669 3163 3354 3533 3702 3881 4058 4304 4864 5637 5961 6206 6516 7904 
19 63 417 795 1042 1576 1878 2132 2644 2780 2953 3307 3414 3729 4352 4634 4757 4954 5514 7103 
27 64 475 1154 1486 1728 2018 2241 2789 2998 3390 3872 3940 4100 4331 4422 4793 4920 5022 5644 5817 6174 6631 6927 7178 7291 7635 8021 
27 65 511 859 1064 1173 1498 1617 1786 3042 4503 4663 4802 5053 5452 5658 5851 6273 6473 6719 6906 6969 7108 7210 7379 7499 7857 8163 
26 66 524 597 770 1030 1348 1700 2273 2572 2849 3112 3853 4199 4479 4563 4779 4912 5331 5695 6296 6448 6658 7149 7344 7615 8084 
20 67 676 944 2351 3516 4183 4626 4982 5311 5606 5750 6112 6215 6535 6866 7035 7265 7548 7747 8118 
12 68 889 1349 1456 1704 2053 2502 2757 2978 3704 4028 6425 
23 69 448 938 1146 1438 1651 1797 1858 2107 2317 2877 3262 3441 3707 3868 4136 4761 4891 4966 5285 5857 6188 6518 
14 70 719 1024 2645 3705 3968 4128 4728 5247 5795 6347 6646 7250 7465 
19 71 662 854 1016 1748 2473 2760 3336 3511 3866 4132 4312 4582 4839 6099 7202 7446 7713 7814 
25 72 1126 1527 1877 2079 2375 2666 2822 2873 3122 3470 3947 4085 4579 5084 5522 5646 6017 6409 6613 6775 7077 7187 7400 8031 
25 73 555 766 1161 1609 1824 2119 2566 2756 2983 3217 3624 4035 4354 4615 4993 5341 5761 5939 6158 6383 7362 7756 7832 8105 
19 74 619 826 1464 1585 1740 1982 2427 2867 4249 5293 5393 5700 5910 6489 6767 7158 7798 8175 
19 75 814 1316 1530 2918 4159 4682 4931 5076 5244 5518 5805 6248 6558 6800 6949 7323 7592 7910 
12 76 703 1379 1698 2031 2329 2546 2982 3730 5706 7143 7939 
23 77 765 1071 1201 1554 2004 2437 2803 3037 3247 4015 4112 4272 4406 5082 5482 6096 6257 6653 6739 6874 7289 7700 
13 78 605 1068 2967 4938 5529 6067 6344 6720 6942 7188 7508 7941 
18 79 551 1021 1269 1531 1779 3438 4658 4961 5077 5290 5392 5806 6044 6223 6892 7745 8055 
22 80 572 919 1164 1332 1656 2072 2416 2691 3188 3569 3830 4291 4512 4885 5256 5826 6330 6522 7165 7732 7988 
8 81 824 1286 1705 2160 2419 5312 8043 
27 82 634 1258 1571 1938 2278 2716 3060 3329 3534 3894 4096 4537 4890 5129 5232 5448 5662 6178 6375 6623 7080 7309 7513 7754 8137 8165 
19 83 773 1235 1573 1899 2066 2099 2394 2663 2975 3286 3615 5131 6451 6553 6865 7292 7704 8180 
28 84 697 1100 1325 1552 1940 2191 2336 2590 2937 3447 3498 3645 3983 4408 4555 4868 4964 5260 5402 5836 6168 6356 6655 7083 7258 7397 7818 
22 85 800 1537 2039 2113 2932 3614 3893 4158 4457 4715 4921 4996 5343 5641 5896 6354 6757 7153 7638 7788 8178 
25 86 680 1083 1268 1682 2022 2633 2927 3490 3708 3790 4009 4194 4459 4721 5079 5472 6086 6300 6560 6918 7259 7572 7812 8140 
5 87 580 1136 3757 6322 
24 88 437 679 819 963 1509 1829 2037 2285 2602 2707 3029 3765 4018 4263 4764 5218 5559 5635 5988 6254 6419 6644 6835 
16 89 416 860 1144 2293 2996 3270 3428 4042 4185 4475 4558 6501 7662 7887 7990 
13 90 1680 2174 2870 3233 3776 4105 4323 4770 5138 6728 7735 8042 
18 91 751 1393 1943 2500 3064 3476 3792 4165 4438 4683 4914 5344 5752 6010 6396 6746 7827 
28 92 506 818 1172 1561 2009 2700 2891 3086 3426 3772 4133 4305 4500 4700 4790 4975 5408 5499 6041 6203 6523 6798 7042 7248 7503 7711 7947 
24 93 639 912 1252 1737 2445 2883 3494 3716 4036 4356 4602 4697 4861 4999 5543 5725 6216 6389 6703 6869 7327 7628 8077 
21 94 791 1122 1299 1863 2106 2415 2709 2908 3273 4141 4923 5099 5683 5861 6009 6190 6287 6435 6608 7110 
9 95 499 956 1439 1720 1869 2303 2737 5534 
23 96 626 909 1870 2627 2761 3253 3907 4205 4507 4782 5103 5418 5982 6166 6598 6981 7174 7399 7544 7655 7849 8030 
16 97 622 916 1281 1605 2016 3527 4837 5597 6252 6589 6821 7160 7261 7558 7938 
22 98 915 1150 1451 1834 2180 2251 2387 2505 2842 2898 3158 3358 3574 3612 3999 4421 5883 6943 7223 7390 7502 
25 99 655 1194 1455 1669 2014 2231 2600 2875 3017 3227 3627 3810 4358 4783 4991 5347 5747 6105 6492 6825 7184 7626 7813 7922 
16 100 439 1050 1366 1894 2310 2725 3008 3360 3788 4026 4324 4412 6360 7692 7917 
16 101 591 934 1664 2052 2557 2890 3224 3633 3949 4240 4751 4881 5064 5481 7722 
12 102 1006 1334 2086 2347 4310 6128 6597 6990 7422 7551 7717 
23 103 592 931 945 1218 1465 1860 2204 2583 3011 3442 3773 3926 4174 4495 5193 5473 5664 5890 6542 7211 7561 7942 
26 104 403 574 825 1017 1518 2005 2630 2884 3161 3466 3680 4203 4477 5286 5546 5868 6068 6268 6487 6567 6947 7243 7555 7759 8122 
24 105 472 877 1489 1884 2209 2301 2773 3197 3265 3564 4091 4483 4853 5179 5594 5990 6651 6867 7119 7284 7449 7898 8068 
29 106 670 1079 1413 1640 1866 2108 2495 2675 2845 3344 3767 4147 4409 4509 4670 4858 5184 5319 5619 5979 6432 6815 6992 7232 7475 7545 7786 8124 
22 107 682 974 1300 1619 1963 2442 2649 2910 3164 3827 4184 4643 4826 5196 5328 5735 6179 6624 6829 7092 7384 
25 108 412 571 879 1153 1293 1497 1928 2541 2743 3150 3493 4008 4124 4520 4570 4919 5211 5470 5942 6301 6692 7171 7439 8078 
23 109 823 1231 1541 1787 2044 2128 2628 2955 3517 4299 4538 4744 5085 5371 5713 6018 6294 6764 7192 7560 7781 7945 
10 110 549 975 1389 1603 1845 3538 4759 5072 7634 
22 111 745 1433 1717 2193 2486 2893 3178 3409 3865 4378 4621 4823 4984 5292 5621 5760 5967 6023 6276 6468 6961 
18 112 720 2532 3298 3691 4152 4391 5154 5540 5762 6028 6251 6614 6910 7009 7170 7315 7989 
23 113 577 1312 1567 1822 2580 3156 3415 3758 4067 4413 4883 4946 5222 5617 5827 6142 6491 6603 7072 7477 8004 8102 
18 114 802 968 1556 3365 4376 4667 4959 5354 5732 6066 6334 6805 7227 7532 7647 7895 8032 
22 115 569 1143 1485 2055 2360 3111 3611 3777 4359 4798 5116 5468 5711 5889 6212 6369 6585 6919 7057 7552 7991 
14 116 880 1412 2381 2708 2976 3167 3578 3844 3924 4012 5837 7858 8164 
22 117 706 1093 1654 1723 2263 2631 3006 3399 3823 4175 4672 5052 5268 5469 5571 5915 6561 7217 7432 7796 8022 
21 118 519 899 1501 1865 2342 2448 2681 3015 3318 3690 4232 5226 5376 5703 5829 6328 6706 6977 7253 7622 
19 119 436 937 1549 1752 2306 2740 3003 3352 3537 4116 4330 5734 6976 7117 7215 7396 7650 7965 
14 120 564 2551 4145 4825 5164 5329 5488 5718 6157 6503 6662 6831 7459 
23 121 760 848 1223 1523 1757 1975 2269 2450 2721 2902 3051 3306 3512 3632 3798 4120 4598 5060 6700 7819 7951 8154 
28 122 489 1000 1298 1817 2254 2423 2821 3183 3278 3631 4046 4137 4458 4629 4986 5373 5567 5581 6049 6420 6627 6868 7034 7312 7642 7773 7994 
13 123 594 1089 1768 1926 2384 2510 2936 3473 3828 5410 6629 7123 
23 124 481 621 1243 1614 1888 2075 2727 3021 3443 3930 4101 4540 5203 5530 5753 5948 6078 6407 6742 7054 7631 8123 
15 125 669 835 1131 1441 1646 2059 2218 2430 2605 2786 2917 3199 3561 6029 
25 126 556 833 998 1248 1360 1743 2041 2312 2578 2834 2899 3116 3186 3616 3837 4106 4230 4361 4627 4869 6424 7539 7637 8000 
24 127 746 1319 1681 1992 2553 2808 3059 3221 3440 4016 4425 4659 4980 5265 5727 5803 6317 6525 6663 7001 7329 7664 8083 
19 128 872 1345 3268 4220 4399 4710 5127 5516 5611 5859 6596 6778 6895 7274 7540 7703 7775 7982 
11 129 453 612 855 1643 2051 2334 2944 3185 3540 5811 
24 130 531 908 1390 1536 1843 2406 3063 3421 3622 3908 4081 4401 4530 4805 5135 5786 6147 6418 6978 7218 7421 7853 8052 
27 131 645 958 1408 1562 1931 2166 2434 3065 3189 3465 3786 4034 4345 4622 4807 4947 5070 5441 5778 6052 6299 6693 7296 7682 7877 8080 
24 132 533 875 1354 1473 1724 1932 2242 2420 2603 2857 3114 3302 3575 3789 4078 4371 4568 4989 5183 5421 5689 5970 7380 
20 133 616 901 1474 2081 2290 2698 2968 3402 3429 3742 4250 5029 5234 5432 5814 6517 7140 7373 7672 
24 134 483 1134 1176 1542 1874 2110 2517 2914 3468 3683 4114 4292 4652 4948 5287 5535 5763 6373 6716 6861 7070 7428 7927 
12 135 423 755 951 1382 3364 4705 5110 5456 5620 6040 7804 
19 136 609 1012 1182 1437 1732 2012 2266 3483 4742 4974 5400 5612 5820 6201 6982 7412 7569 7930 
25 137 446 844 1484 1584 1812 2049 2366 2646 2979 3370 3469 4062 4332 4556 4845 5382 5801 6007 6291 6399 6680 7195 7880 8133 
16 138 1274 1730 1988 2236 2377 2882 3412 3637 3836 4098 4300 4550 4830 6498 8100 
23 139 480 599 922 1427 1959 2225 2283 2521 2676 2929 3147 3726 3920 4190 4444 4738 4871 4952 5121 5314 5579 7112 
16 140 435 711 982 1492 1677 2212 2858 3230 3722 4213 4645 5906 7233 7485 7810 
17 141 759 929 1569 1875 3216 4780 5104 5412 5531 5921 6337 6730 7367 7583 7758 8090 
20 142 793 1044 1200 1649 1850 2230 2635 2798 3146 3760 4454 4788 4949 6101 6781 6859 6940 7040 7207 
23 143 484 677 939 1522 1785 2057 2496 3095 3269 3625 4097 4496 4786 5145 5310 5504 5666 6152 6359 6447 6584 8134 
25 144 562 1046 1395 1746 2074 2405 2653 3124 3256 3607 3664 3948 4314 4442 4686 4841 5235 5395 5937 6061 6650 7087 7276 7712 
26 145 596 943 1211 1388 1759 1965 2326 2520 3002 3642 3988 4156 4303 4514 4787 5036 5280 5720 5838 6162 6556 7065 7429 7661 7950 
20 146 440 768 1270 2043 2840 3347 3481 3694 4243 4941 5391 5602 5863 6182 6688 7474 7648 7890 8115 
24 147 674 1014 1296 1679 1808 1956 2143 2657 2939 3143 3397 4049 5303 5423 5672 5927 6180 6261 6469 6727 6915 7431 7822 
16 148 688 1228 1564 3113 4289 4464 4762 5069 5297 5854 6197 6304 6554 6856 7377 
19 149 731 1177 1491 1971 2483 2881 3046 3168 3445 3670 4227 4585 5101 5437 5796 5955 6464 7995 
25 150 661 862 1076 1428 2082 2847 3140 3327 3583 3775 4490 4842 5024 5200 5369 5731 6006 6335 6458 6512 6848 7130 7411 7834 
23 151 508 1170 1663 1761 2198 2672 2853 3162 3821 4668 4933 5270 5439 5584 5745 5834 6126 6387 6776 7021 7734 8127 
17 152 629 966 1350 1568 1696 2696 3083 3411 3677 4002 4327 4708 4878 5361 5648 5992 
25 153 523 817 1514 2105 2355 2680 3010 3181 3635 4068 4261 4372 4707 4913 5108 5308 5994 6659 6837 7047 7262 7609 7793 7946 
19 154 858 1180 1384 1650 2000 2424 2772 2949 3241 3368 4528 5783 6384 6536 6862 7166 7531 7940 
20 155 407 509 771 1259 1882 2071 2524 3193 3495 3989 4295 4471 5098 5547 5995 6320 6951 7310 7783 
23 156 595 1472 1756 2171 2408 2792 2922 3180 3899 4390 4564 4884 5096 5394 5757 5981 6324 6649 6995 7493 7658 8099 
13 157 664 927 1359 1823 2138 2328 2604 2864 3213 3385 3648 6230 
23 158 570 837 1376 1948 2540 2722 3176 3303 3455 3816 3979 4225 4639 4859 5237 5527 5876 6074 6245 6616 7216 7469 
16 159 611 985 1719 1880 2466 2844 3030 3420 3787 3861 4090 4467 4524 5227 7949 
18 160 441 1038 1962 3001 3110 3418 3628 3727 3877 4000 4247 4521 5855 6959 7394 7869 8094 
19 161 708 1067 1478 1923 3250 4617 4910 5061 5231 5590 6055 6281 6446 6793 7378 7617 7652 8157 
12 162 709 1230 1818 4428 6702 7046 7121 7403 7581 7757 8067 
24 163 685 1280 1658 2111 2436 2833 3055 3353 3581 4126 4450 4678 4997 5261 5728 5999 6177 6357 6686 6766 7126 7715 7976 
19 164 540 1099 1458 1827 2035 2281 2488 2879 3284 3579 5238 6267 6485 6912 7376 7784 8014 8138 
23 165 434 487 1158 1310 1657 2006 2208 2513 3133 3366 3647 3725 3875 4125 4278 4321 4776 5017 5372 6876 7792 8035 
9 166 1025 1566 1881 4543 6980 7249 7627 7863 
15 167 469 752 1256 1400 3884 6104 6213 6475 6833 7078 7300 7455 7799 8072 
28 168 526 847 1220 1580 1970 2219 2518 2928 3004 3252 3431 3885 4093 4434 4796 4951 5524 5645 5864 6069 6250 6539 6784 6877 7086 7345 7663 
22 169 458 1139 1770 2244 2498 2615 2683 3130 3242 3384 3508 4325 4702 5078 5405 5789 6135 6394 6587 6745 7782 
9 170 410 694 1739 2048 2177 4736 7598 7835 
18 171 432 652 1138 1404 1606 1735 1997 2250 2479 2818 3089 4554 5782 5980 7156 7962 8103 
22 172 405 420 542 740 1151 1558 1648 1751 2036 2325 2827 3249 3459 3668 3916 4274 4688 5015 5549 5802 6191 
22 173 462 932 1119 1750 2441 2771 3020 3272 3658 4019 4201 4491 4733 4879 5039 5255 6411 7436 7753 8061 8161 
18 174 749 1203 1411 1629 2227 2438 2594 3332 3724 3961 4339 4492 4653 4835 5322 5650 7185 
20 175 1795 3035 3295 3649 3886 4029 4414 4610 4849 5278 5350 5654 6159 6499 6870 7162 7462 7840 7998 
27 176 545 675 984 1129 1317 1855 2275 2629 2769 3367 3590 3813 4146 4336 4660 4970 5056 5295 5843 6211 6710 6902 7288 7413 7478 7707 
26 177 716 1085 1449 1849 2136 2462 2876 3196 3277 3507 3797 4038 4172 4293 4595 4902 5296 5881 6410 6791 7193 7516 7725 7850 7968 
23 178 421 576 816 1301 1611 2421 2787 2945 3695 4695 5067 5409 5696 5808 6033 6660 6952 7238 7334 7549 7838 7933 
23 179 457 1022 1733 2140 2522 2706 2781 3068 3184 3405 3666 3889 4155 4605 5798 6641 6753 6983 7266 7527 7729 8059 
21 180 989 1217 1859 2762 3075 3309 3488 3771 3841 4059 4754 5180 5338 5564 5818 6319 6572 6975 7486 7905 
14 181 2528 3618 3781 3910 4160 4377 4445 4669 5074 5317 5663 6323 7014 
16 182 409 1019 2766 4153 4462 4886 5004 5264 5401 5665 6256 6555 6774 7045 7363 
29 183 515 804 1033 1213 1488 1798 2205 2887 3166 3362 3558 4253 4746 4963 5368 5668 5780 6001 6160 6228 6405 6640 6864 7115 7554 7806 7848 8109 
24 184 1110 1362 1697 1864 2224 2471 3031 3693 3912 4411 4566 4767 5030 5146 5451 5740 6285 6582 7212 7496 7591 7867 8054 
22 185 705 856 1095 1544 2087 2261 2403 2642 2989 3152 3361 3744 4061 4504 4784 4882 5118 5592 5765 6217 6378 
18 186 560 1058 1419 1600 2015 2214 2332 2714 2901 3033 3117 3479 4161 4219 4620 4942 7154 
23 187 633 808 1414 2210 2461 2686 2919 3335 4057 4420 4927 5682 5832 6114 6358 6685 7091 7419 7667 7820 7891 7957 
25 188 537 810 1075 1481 1919 2346 2871 3085 3452 3630 3964 4043 4400 4565 4833 5134 5449 5647 6196 6563 6900 7349 7731 7899 
17 189 517 788 1238 1767 2137 2665 2977 3363 4709 6092 6225 6455 6750 6896 7398 7779 
24 190 841 1322 1747 2197 2499 2964 3125 3177 3509 4269 4588 4687 4918 5132 5250 5357 5539 5835 6311 6511 6694 6914 7695 
20 191 650 925 1212 1496 1853 2270 2809 3591 3888 4571 4973 5326 5880 6073 6625 7028 7437 7881 8089 
20 192 906 1391 1685 1966 2117 2373 2610 3034 3148 4665 6048 6184 6406 6842 6964 7176 7420 7681 8147 
22 193 496 903 1622 1947 2335 2791 3244 3501 3673 3799 3997 4460 4578 4857 5051 5204 5396 5655 6072 6239 7556 
21 194 598 878 1062 2429 3054 3082 3563 3897 4044 4510 4650 5130 5380 5638 6175 6325 6812 7020 7480 7760 
17 195 809 1115 3036 4027 4393 4769 5161 5352 5455 5693 5962 6279 6579 7031 7566 7935 
17 196 641 973 1255 1440 1953 2363 2494 2724 3072 3492 5670 6732 6970 7337 7533 7800 
16 197 868 1655 2083 2730 3194 4689 5966 6122 6340 6548 7408 7522 7808 8037 8170 
28 198 687 1226 1582 1789 2114 2217 2671 3105 3626 4037 4226 4360 4518 4838 4945 5305 5593 5653 6012 6240 6534 6863 6986 7247 7476 7653 7984 
13 199 874 2382 3914 4099 4337 4712 4870 5239 5483 5952 6144 7415 
21 200 828 897 1003 2404 3599 3854 4102 4208 4536 4597 4777 4916 5272 5440 5721 5871 6209 6888 7660 8106 
17 201 482 821 3000 5399 5484 5671 5973 6145 6318 6395 6559 6827 7107 7395 7859 8064 
16 202 470 725 999 1342 1935 2477 3237 3728 3915 4236 4609 4950 6348 7447 7785 
27 203 548 739 1234 1402 1754 2058 2490 2742 2961 3145 3257 3804 4013 4546 4752 5217 5506 6053 6164 6269 6478 7018 7346 7618 7767 7996 
12 204 3120 5676 5934 6149 6480 6551 6901 7113 7275 7578 8128 
18 205 408 579 1092 1229 1852 2189 2428 2796 3123 3446 3901 4309 4812 5462 5909 6404 7743 
19 206 428 990 1328 1628 1885 2129 2687 2952 4616 5596 5870 6045 6390 6691 7090 7382 7670 7885 
16 207 710 1054 1197 1339 1578 1688 1844 2228 2397 2537 2767 2980 3322 5686 8101 
7 208 836 2474 3878 4470 6481 8069 
23 209 778 1263 1545 1806 2096 2276 2711 3330 3856 4077 4486 4820 5190 5461 5996 6198 6777 6939 7231 7515 7794 8104 
11 210 689 1285 2933 4308 4416 4801 5170 5679 5887 7406 
27 211 582 1124 1314 1620 1828 2098 2327 2620 3154 3220 3519 3741 4127 4553 4743 4866 5147 5582 6026 6210 6440 6714 6928 7290 7479 7774 
21 212 1510 1969 2216 2677 2938 3236 3740 4285 4897 5058 5283 5651 6127 6312 6638 6922 7205 7492 7659 8087 
21 213 1027 1612 2101 2515 3040 3376 3731 4047 4505 4726 4893 5182 5599 6082 6306 6683 6787 7037 7461 7763 
16 214 466 692 1084 1373 1467 1944 2222 2455 3093 3580 3697 5258 6989 7529 8008 
24 215 554 1239 1670 1922 2252 2591 2920 3094 3191 3356 3504 3873 4021 4281 4552 5049 5420 5636 6161 6664 6921 7096 7326 
19 216 573 933 1503 1891 2063 2238 2943 3357 3605 3955 4246 4632 4848 5025 5560 5923 6091 7649 
12 217 969 1160 3556 6030 6207 6433 6790 6854 7120 7613 8033 
29 218 894 1048 1352 1659 1803 2152 2340 2493 2746 3108 3271 3326 3794 4001 4407 4939 5197 5374 5767 5940 6057 6513 6782 7019 7298 7534 7823 7952 
11 219 1961 3382 4985 6343 6642 6799 7056 7219 7751 8062 
21 220 613 865 1460 2388 2689 2783 3137 3510 3870 4355 4694 5088 5345 5865 6280 6704 6872 7138 7330 7855 
23 221 681 1288 1601 1763 2017 2305 2872 3333 3437 3594 3808 4191 4429 4625 5219 5541 5885 6242 6670 7032 7639 7970 
19 222 643 867 1216 1597 1772 1981 2122 2446 4311 5426 5768 5953 6345 6617 7181 7489 7755 8174 
11 223 459 727 1420 1615 1886 2239 2487 3919 4647 6427 
22 224 636 840 1166 1450 1608 1755 2073 2211 2296 2570 2826 3380 3620 3967 4418 5858 6996 7471 7778 8063 8166 
20 225 722 983 1327 1712 1811 1867 2478 2688 3027 3255 3562 3710 5173 6695 7106 7371 7575 7879 8150 
23 226 514 902 1155 1429 2067 2454 2659 2859 3204 3407 3621 4108 4480 4714 4992 5510 6088 6711 6950 7177 7632 8002 
20 227 660 1135 1267 1374 1774 2286 2703 2960 3491 3782 3867 3973 4318 5568 6532 6860 7318 7748 8107 
27 228 714 992 1403 1613 1876 2200 2506 2758 3090 3285 3566 3652 3946 4363 4594 5028 5107 5379 5744 6013 6531 6845 7044 7220 7448 7708 
32 229 463 747 930 1214 1890 2274 2425 2497 2804 2972 3245 3337 3398 3528 4010 4234 4404 4636 5026 5236 5498 5723 5830 6118 6350 7052 7372 7567 7678 8026 8162 
7 230 996 1627 3565 4750 5068 6741 
16 231 997 1462 1714 2400 2584 3103 3401 3602 3811 4374 5023 5267 5430 5629 5904 
25 232 628 955 1118 1329 1463 1996 2314 2581 2946 3320 3570 3905 4244 4623 5014 5162 5557 5946 6165 6500 7005 7199 7590 7919 
20 233 460 757 1169 1385 1796 2145 2565 2782 3049 3292 4592 5705 5964 6121 6262 6496 7089 7683 8050 
18 234 1810 2159 2457 2705 3016 3464 3732 4211 4727 5065 5627 6315 6573 6904 7101 7719 8143 
20 235 601 1190 1547 3077 4167 4547 4760 5038 5113 5198 5766 5941 6064 6290 6547 6679 7201 7828 8065 
15 236 658 1070 1407 1861 2324 2593 3007 3453 3669 3768 4794 6813 7864 8151 
25 237 498 976 1278 1589 1872 2374 2861 3173 3486 3793 4030 4577 4806 4892 5150 5335 5893 6236 6568 6955 7405 7645 7909 8098 
25 238 471 986 1459 1782 2246 2345 2775 3190 3582 3703 4198 4599 4834 5007 5229 5385 6004 6222 6565 6917 7191 7521 8003 8113 
17 239 590 1265 1595 2118 2264 2640 2931 3226 4576 6136 6349 6817 7175 7505 8047 8171 
22 240 427 642 2030 3381 3543 3711 3874 3970 4104 4170 4476 4898 5073 5585 5821 6221 6690 7061 7458 7894 7978 
18 241 1764 3019 3351 3701 3944 4367 4852 5126 5253 5519 6005 6520 6907 7033 7229 7602 7992 
18 242 667 2268 3371 3463 3597 3829 4335 4600 5043 5315 5625 5977 6476 6852 7059 7320 7656 
18 243 557 1031 1273 1502 1841 2038 2431 4168 5905 6156 6526 6768 6924 7150 7388 7797 8039 
31 244 744 1219 1645 2104 2215 2753 2941 3280 3448 3733 3938 4089 4344 4455 4850 4990 5252 5528 5754 6098 6361 6575 6722 6997 7039 7340 7441 7595 7677 7873 
19 245 544 834 1318 1550 1976 2349 2612 2807 3551 3825 5188 6272 6470 6610 6773 6898 7280 7434 
16 246 404 630 1098 1396 1575 1758 2184 2289 4171 5545 5810 6258 6771 6933 7348 
25 247 530 805 1178 1690 1960 2464 3350 3547 3762 3834 4463 4703 4844 4983 5214 5306 5490 5918 6353 6557 6581 6923 7203 7433 
23 248 741 1059 1445 1901 2084 2414 2909 3518 3550 3819 4079 4587 5157 5622 6235 6341 6747 7125 7338 7870 8016 8179 
12 249 493 2959 5269 5704 5978 6352 6570 6789 7094 7460 7839 
28 250 831 1123 1279 1452 1678 1905 2168 2656 2926 3378 3660 3956 4151 4466 4924 5281 5454 5736 5956 6189 6717 6934 7128 7518 7630 7846 7892 
15 251 504 857 1297 1661 2291 2717 2948 3331 3718 3978 4094 4306 4472 6755 
20 252 683 845 1162 1515 1777 2702 3092 3764 4206 4771 5112 5387 5659 6146 6735 6885 7273 7607 7932 
25 253 468 734 1133 1559 1809 2322 2618 2912 3319 3535 3960 4424 4747 5081 5544 5902 6024 6533 6676 6886 7051 7491 7902 8159 
25 254 606 1624 2056 2265 2559 2831 3084 3228 3784 4267 4364 4640 5003 5158 5586 5712 6193 6338 6594 6756 7283 7654 7856 7963 
25 255 798 1008 1551 1727 2029 2127 2379 2667 2878 3355 3696 3935 4118 4381 4799 4936 5075 5225 5415 5788 6110 6494 6552 6754 
21 256 663 812 1107 1291 1516 1892 2201 2763 3198 3340 3617 3809 4075 4541 4828 5149 5342 5685 5969 7611 
20 257 558 813 1168 1636 1840 2213 4212 4904 5177 5624 5822 6506 6797 7017 7183 7597 7724 7872 8120 
15 258 502 1215 1506 1933 2372 2664 3136 3719 4070 4481 4906 5071 5442 7972 
23 259 762 1018 1249 1372 1729 1914 2302 2562 3061 3661 3900 4123 4614 4962 5220 5465 5614 5797 6050 6310 6873 7111 
11 260 900 1257 1596 1968 2163 2529 5041 7114 7801 8145 
18 261 617 830 1097 1417 2025 2280 2481 3149 3264 3435 3774 4388 4843 5175 5756 5976 7132 
26 262 738 1184 1553 1821 2046 2144 2512 2654 3078 3287 3321 3818 3976 4248 4544 4774 5289 5503 5997 6123 6284 6472 6674 6972 7197 
20 263 503 761 1104 1262 1581 1846 2151 2304 2552 2907 3032 3416 3457 3640 3890 4347 4468 5920 7538 
6 264 500 2299 4071 5605 7148 
26 265 625 1423 1952 2150 2262 2715 3014 3311 3613 3931 4188 4357 4533 4895 4995 5165 5551 5771 6015 6415 6669 7024 7319 7696 7960 
14 266 764 1188 1480 1769 2195 2472 2790 3066 3325 3761 5856 7888 8129 
23 267 464 754 1111 1283 1820 2245 2507 2751 3073 3316 3706 4531 4908 5047 5242 5604 5911 6288 6729 6948 7535 8091 
15 268 887 1295 1521 1784 1974 3391 4896 5185 5491 5652 6153 6648 7351 7934 
12 269 699 1591 2008 2942 3484 3678 3971 4251 4469 4888 7646 
19 270 775 1147 2617 3820 4169 4346 4696 5207 5436 5692 5879 6134 6428 6881 7407 7657 7878 8058 
25 271 559 1171 1343 1921 2116 2516 2694 3514 3928 4260 4430 4674 4956 5057 5493 5660 5924 6016 6574 6822 7084 7355 7519 8005 
26 272 702 959 1121 1199 1635 2002 2443 2823 3296 3383 3596 3805 4181 4276 4713 5123 5511 5609 6102 6316 6514 6963 7352 7644 8007 
17 273 565 961 1109 1565 2229 2548 2906 3289 4370 4957 5246 5869 6794 7245 7606 7916 
18 274 485 767 2203 3587 3838 4223 4498 4725 5009 5458 5914 6438 6546 6909 7251 7765 7954 
24 275 513 803 1010 1667 2070 2554 2934 3379 3676 3887 4115 4353 5353 5785 6039 6293 6430 6806 7097 7383 7718 7854 8117 
20 276 588 750 1002 1224 1418 1707 2422 2637 2799 2974 3139 3639 5042 5737 6090 6462 6590 6751 6913 
21 277 454 843 885 1434 2255 2697 3012 3283 3592 3974 4417 4781 5169 5633 5888 6233 6701 6836 7038 7600 
30 278 678 829 1326 1780 2026 2451 2701 2830 2962 3205 3557 3800 3922 4055 4366 4603 4928 5091 5414 5505 5691 5998 6391 6609 6801 6994 7241 7457 7836 
26 279 631 850 1246 1479 1950 2323 2412 2819 3202 3314 3520 4017 4268 4494 4934 5062 5167 5507 5825 6125 6605 6841 7144 7514 8011 
8 280 426 980 1377 3393 5333 6723 7772 
20 281 488 790 1401 2272 2598 2776 2895 3315 3713 3959 4065 4143 4484 5989 6622 7049 7260 7803 8081 
24 282 603 891 1051 1292 1409 1771 2220 2547 3096 3263 3489 3863 3998 4084 4256 4863 5259 5533 6065 6507 6857 7069 7562 
16 283 521 585 1398 1826 2060 2316 2815 3047 3474 3745 3937 5698 7643 7843 8119 
27 284 535 737 1204 1529 1695 1945 2440 2805 2991 3288 3394 3665 3858 3941 4403 4656 5109 5591 5847 5968 6292 6823 7118 7331 7740 8121 
22 285 700 1106 2613 3121 3536 3715 4157 4527 4619 4749 5001 5687 6051 6298 6630 6916 7053 7359 7641 7795 8097 
17 286 656 913 1320 3128 4163 4539 4827 5248 5525 5690 5916 6148 6484 6737 7127 7356 
16 287 447 1086 1415 1710 2131 2575 2710 4180 5181 5279 5513 5792 5960 6253 7969 
14 288 849 883 1094 1340 3815 6059 6474 6786 7255 7470 7666 7926 8114 
29 289 473 614 1598 2206 2287 2489 2731 3074 3222 3608 3833 4063 4207 4382 4661 5143 5334 5562 5965 6163 6333 6444 6620 6808 6958 7237 7374 8181 
26 290 443 1120 1847 2089 2586 2778 3403 3671 3857 4111 4375 4499 4748 5137 5548 5769 5917 6119 6519 6988 7277 7629 7821 7964 8076 
29 291 541 742 1081 1381 1825 2001 2357 2607 2848 3259 3373 3548 3929 4271 4551 4753 5034 5257 5300 5476 6107 6339 6588 6830 7159 7294 7764 8156 
19 292 712 910 1311 1621 1879 2364 2475 2935 3234 3449 3681 4053 4718 6036 7308 7625 7861 8132 
24 293 479 781 1250 1469 1675 1838 2248 2699 3043 3499 3700 4262 4654 4768 5111 5419 5577 5823 5931 6309 6530 6785 7016 
10 294 584 987 1535 1856 4685 7007 7332 7511 7871 
30 295 501 822 928 993 1237 1525 1896 2164 2534 2712 2951 3101 3502 3801 3933 4144 4235 4405 4832 5100 5457 5608 5764 6441 6619 7095 7936 8034 8173 
11 296 494 1102 1232 1672 1951 2076 2485 2940 4925 7271 
27 297 450 729 991 1346 1508 1668 1781 2199 2623 2868 3119 3487 3747 4131 4242 4631 5174 5576 5922 6034 6277 6637 6820 7423 7564 7953 
22 298 852 1148 1353 1583 2390 2609 3028 3471 3754 3992 4179 4373 4506 4803 5431 5947 6302 6851 7481 7580 8071 
25 299 638 797 1053 1351 1618 1925 2153 2398 2811 3079 3294 3807 3921 4266 4534 4745 5321 5776 6042 6289 6544 7011 7427 7742 
22 300 635 1205 1977 2391 2626 2988 3434 3850 4559 4717 5152 5631 5866 6172 6363 6926 7257 7333 7807 7975 8125 
16 301 438 1179 3267 4446 4562 4943 5386 5578 5950 6495 6681 7048 7313 7668 7943 
23 302 1145 1511 1776 2139 2396 2503 3201 3515 3751 4023 4635 4929 5243 5424 5715 6063 6376 6471 6889 7041 7169 7633 
26 303 578 753 1045 1448 1831 2080 2399 2536 2732 2970 3478 3644 4110 4216 4451 5313 5772 6021 6382 6834 6899 7133 7391 7688 8135 
28 304 756 1142 1422 2103 2271 2777 3067 3475 3610 3903 4129 4427 4711 4944 5117 5383 6000 6137 6247 6327 6618 6956 7204 7416 7619 7882 8086 
27 305 567 796 1222 1574 1835 2109 2344 3211 3555 3712 3932 3958 4385 4741 4816 5140 5330 5595 5684 6100 6578 6826 7272 7571 7966 8095 
9 306 979 3462 5894 6129 6505 6615 7012 7582 
7 307 2984 5790 6081 6303 6592 8019 
16 308 618 774 2921 4922 5124 5340 5784 6070 6380 6576 6932 7254 7559 7825 8046 
24 309 507 881 1333 1662 1946 2161 2378 2556 2802 3053 3346 3752 4501 5478 5831 6186 6362 6543 6824 7141 7510 7616 7817 
25 310 449 907 1063 1304 1954 2282 2380 2969 3238 3477 3756 4239 4763 5044 5288 5675 5930 6133 6431 6839 6999 7073 7299 7610 
12 311 1832 3424 3532 3936 4349 4513 4819 6461 7710 7929 8131 
17 312 2202 3542 3748 3981 4448 4690 5307 5746 5958 6314 6652 6882 7129 7402 7585 7868 
29 313 717 920 1233 1421 1709 2024 2308 2587 2925 3155 3529 3791 4048 4166 4502 4722 4911 5089 5355 5573 5936 6202 6479 6667 6968 7230 7728 8051 
23 314 981 1078 1482 2077 2338 2862 3131 3275 3425 3738 4254 4572 4887 5115 5509 5882 5971 6366 6884 7404 7680 8152 
21 315 718 1074 1665 1907 2267 2614 2744 2963 3109 3291 3650 3942 4241 4589 5886 6960 7293 7472 7671 7961 
25 316 522 684 978 1604 1994 2331 2916 3159 3419 3734 4192 4612 4940 5495 5959 6037 6393 6580 6661 6847 7135 7490 7762 8116 
19 317 444 782 873 2563 3814 4189 4398 4648 5223 5566 5623 6011 6278 6571 6807 7004 7525 8060 
23 318 783 1037 1313 1397 1716 2047 2155 2545 3087 4258 5309 5526 5714 5925 6076 6377 6733 6935 7003 7263 7586 8036 
26 319 918 1251 1405 1540 1753 1979 2452 3044 3251 3522 3879 3982 4217 4584 4818 5033 5471 5954 6450 6671 6991 7385 7467 7709 7999 
26 320 666 784 1032 1165 1431 2097 2765 2913 3182 3503 3986 4296 4633 5178 5271 5356 5500 5739 6229 6529 6759 7008 7287 7484 8148 
18 321 724 1699 1980 2320 2588 2956 3343 3554 4005 4478 4673 5066 5202 5444 5748 6231 6528 
27 322 527 962 1149 1363 1691 2162 2484 2835 3118 3460 3530 3766 3977 4419 4692 5301 5512 5613 5919 6226 6816 6974 7163 7504 7928 8167 
23 323 713 1548 1762 1909 2315 2662 2905 3134 3212 3584 4076 4231 4561 4899 5640 6151 6713 7235 7473 7771 8023 8153 
21 324 964 1052 1416 1842 1958 2297 2693 3013 3281 3662 3963 4341 4732 4817 4900 5122 5370 5574 6708 7918 
14 325 789 1330 1586 1902 2121 2376 2661 5128 7410 7574 7723 8006 8169 
18 326 495 1023 2470 3439 3954 4402 4789 5425 5716 5884 6351 6879 6967 7370 7528 7876 8136 
21 327 593 1284 1703 2033 2571 2816 3127 3297 3699 3911 4150 4517 4915 5148 5677 6457 6738 6929 7343 7776 
14 328 794 970 1453 1900 2542 3991 5556 5898 6132 6632 7058 7418 7837 
24 329 671 957 1112 1626 2173 2577 2841 3135 3843 3927 4317 4532 4724 4967 5095 5538 5850 6115 6504 7099 7213 7517 7979 
14 330 640 853 1599 1807 2186 2407 2903 3408 4031 4277 4529 6032 7925 
20 331 654 799 1660 2356 2569 2850 3206 3559 3812 4060 4282 4731 5125 5616 6246 6736 7302 7673 7974 
14 332 497 693 898 1066 1260 1563 2175 2385 4815 7297 7690 7886 8168 
29 333 779 1185 1387 1466 1686 2165 2358 2538 2738 2986 3138 3454 3852 3972 4178 4677 4968 5294 5702 6002 6071 6442 7164 7443 7577 7741 7826 8093 
17 334 532 806 1141 2748 4257 4618 4720 4935 5206 5299 5587 5892 6654 6971 7122 7454 
21 335 696 941 1470 1833 2050 2530 2820 3348 3698 3898 4130 4301 4443 4810 4977 5254 5502 5770 5844 5983 
29 336 510 776 1034 1371 1490 1577 1749 1871 2207 2492 3260 3685 3855 4095 4202 4396 4601 4872 5141 5891 6108 6397 6846 7305 7705 7884 7956 8070 
19 337 743 1290 1913 2226 2558 2851 3432 3860 4006 4591 5249 5603 5943 6109 6477 6725 7328 7483 
25 338 690 842 1069 1266 1424 1790 2624 3300 3338 3925 4103 4186 4369 4580 4813 5316 5657 5877 6087 6286 6621 6871 7102 7576 
28 339 620 1245 1533 1692 1989 2300 2684 2923 3261 3636 4109 4379 4515 4693 5011 5324 5489 5600 5849 6167 6308 6524 6796 7314 7450 7608 7914 
19 340 871 1335 1616 2167 3022 3219 3513 3994 4218 4329 4624 4846 5304 5563 6672 7369 7726 8053 
26 341 787 1202 1324 2027 2432 2788 3195 3544 3895 4024 4279 4730 4851 5114 5274 5375 5824 6195 6434 6626 6818 7342 7587 7787 8146 
16 342 602 1210 1706 2309 2993 3598 3864 4215 4657 4981 5159 5649 6130 6665 7062 
18 343 538 924 2433 3396 3842 3952 4088 4596 4889 5284 5508 5743 6712 7350 7494 7621 7874 
22 344 433 1140 1365 1745 2371 2651 2900 3170 3539 3839 4275 4734 4965 5172 5632 6171 6635 7104 7381 7727 7908 
26 345 698 785 1524 1721 1964 2318 2543 2774 3369 3759 4362 4994 5156 5428 5833 6058 6295 6606 6858 7025 7200 7386 7588 7897 8048 
12 346 413 893 1096 1512 1726 2054 4567 6936 7495 7906 8020 
22 347 815 1186 1426 1532 1788 2092 2579 2889 3207 3461 3755 4020 4245 4535 4675 4737 6106 7222 7268 7702 7980 
19 348 431 777 1394 1908 2068 2187 2511 2973 3395 3643 3862 5384 6678 7015 7339 7686 7829 8028 
24 349 672 827 1036 1625 1819 2188 2539 2793 3248 3604 4080 4290 4449 4865 5205 5325 5589 5812 6187 6633 6828 7043 7445 
32 350 525 1060 1370 1674 1801 2090 2514 2634 2824 3218 3444 3560 3880 4162 4350 4666 4739 4960 5136 5406 5669 5991 6093 6204 6426 6465 6721 7139 7278 7651 8010 
13 351 1209 2971 4200 4387 4735 5139 5697 5873 6075 6326 6802 7285 
20 352 905 1321 1993 2453 2599 2801 3088 3225 3606 4011 4182 4795 4976 5348 5775 6031 6219 6398 6880 
21 353 832 1308 1647 1924 2468 2874 3274 3531 4069 4775 5588 5793 6014 6227 6628 6840 6993 7066 7425 7944 
21 354 701 1127 1432 2032 2549 3076 3232 3372 3849 4493 5102 5337 5701 5957 6143 6541 7027 7173 7353 7860 
28 355 869 1276 1386 1854 2179 2531 2997 3144 3553 4056 4214 4394 4453 4522 4646 4903 5276 5362 5819 5895 6176 6466 6925 7214 7301 7530 7685 
20 356 424 673 876 1315 1638 1813 2125 2456 2745 3024 3689 4040 4142 4386 4932 5240 5492 5986 7180 
23 357 882 1666 1912 2064 2411 2695 3115 3601 3882 4351 4431 4701 5008 5144 5388 5634 5933 6224 6493 6601 7321 7987 
22 358 411 623 1105 1357 2181 2458 2749 3025 3142 3231 4465 5558 6008 6368 6595 6973 7304 7543 7706 7983 8110 
15 359 615 1156 1775 2062 2413 3822 5035 5349 5974 6266 6521 7182 7563 7790 
26 360 406 563 838 1116 1457 1765 2221 2729 3141 3312 4052 4516 4586 4676 5168 5403 5601 5724 5878 6416 6769 7075 7482 7612 7768 
26 361 649 950 1368 1805 2123 2817 3026 3317 3451 3576 3749 4032 4193 4440 4821 5133 5417 6020 6453 6761 6998 7194 7716 7921 8066 
18 362 763 1191 3069 3984 4319 4452 4542 4785 5021 5298 5450 5755 6154 6577 7002 7206 7614 
16 363 1189 1499 2010 2568 2999 3567 4066 4811 5618 6083 6192 6460 6819 7081 7720 
11 364 695 1446 1693 1848 2395 2582 4971 7286 7766 7912 
13 365 2192 3663 4380 4824 5251 5572 6022 6381 6749 6890 7365 7780 
18 366 575 936 1517 1906 2243 2718 3840 4280 4729 4987 5163 5389 5598 6173 6515 7172 7347 
18 367 429 839 1028 2533 3717 3883 4033 4259 4930 5320 5434 5738 6035 6205 6371 6611 8085 
14 368 1015 1526 1957 3313 5031 5459 5730 5951 6604 7093 7435 7844 8074 
15 369 2085 3654 3851 4228 4307 4630 5358 5972 6264 6449 6684 7161 7498 7977 
27 370 657 1013 1307 1461 1623 1904 1983 2247 2655 3456 3817 3969 4315 4611 4778 5086 5195 5364 5709 6043 6436 6743 6843 7060 7599 7679 
28 371 430 490 1049 1167 1435 1701 2182 2359 2619 2885 3052 3341 3806 4164 4368 4698 5019 5366 5710 5949 6095 6331 6527 7189 7264 7546 7714 
10 372 647 786 1082 1367 1630 1895 2362 2592 5667 
23 373 543 1039 1323 2021 2237 2508 2886 3210 3603 3934 3993 4328 4508 4917 5208 5480 6116 6421 6689 7068 7375 7809 
11 374 608 1001 3545 5860 6307 7010 7244 7526 7746 7958 
24 375 516 866 1236 1610 1917 2102 2295 2402 2690 2894 3239 3430 3826 4073 4590 4901 5453 6027 6131 6282 6549 7335 7931 
18 376 911 1305 1639 1814 2100 3324 4204 4294 4488 4569 4831 5282 6385 6814 7221 7547 7981 
23 377 505 977 1195 2361 2639 2897 3646 3832 4210 4473 4740 4880 5012 5263 5397 5707 5907 6097 6463 7063 7409 7721 
25 378 758 820 1287 1799 2078 2284 2643 3349 3410 3721 3985 4273 4523 4651 4873 5474 5550 5932 6321 6878 7354 7497 7852 8144 
20 379 536 1087 1380 1592 1836 2321 2555 2638 2924 3254 3723 4117 4365 4655 5037 5228 5427 6077 6545 
26 380 1011 1507 1713 1985 2130 2311 2768 3038 3223 3714 3950 4209 4854 5005 5213 5378 5944 6185 6452 6758 6930 7224 7364 7749 8001 
26 381 422 686 1065 1364 1783 1973 2148 2741 3009 3667 3951 4003 4283 4545 4637 5080 5521 5935 6414 6602 6987 7316 7542 7733 8049 
19 382 772 954 1029 1355 1941 2504 2726 2896 3132 3413 3609 5435 6772 7082 7267 7453 7811 7971 
27 383 892 1174 1369 1607 1920 2369 3048 3229 3423 3682 4014 4140 4298 4497 4877 5422 5610 5759 6138 6297 6386 6583 6920 7050 7196 7802 
25 384 467 792 994 1061 1495 1671 2389 2779 3041 3240 3323 3779 4389 4644 4772 5016 5186 5497 5874 6263 6645 7242 7536 7948 
20 385 1336 2176 2469 2836 3266 3763 3995 4222 4606 5020 5365 5774 6038 6364 6855 6966 7324 7553 7789 
14 386 486 512 851 1303 1715 1839 2156 2576 2759 4800 7226 7520 7997 
27 387 478 953 1632 1734 1990 2147 2561 2728 3129 3436 3735 3909 4113 4338 4814 4876 5160 5751 6079 6365 6562 6792 7179 7236 7750 8126 
14 388 723 1130 1500 1804 3246 4638 5216 5494 5867 6243 6639 6752 7026 
10 389 1193 3769 6047 6370 6698 6891 7168 7341 7761 
19 390 1181 1687 1927 2417 2739 2856 3102 3505 3980 4288 4432 4804 4905 5209 5433 5791 6019 7414 
24 391 452 884 1241 1778 2196 2370 2439 2652 3018 3506 3679 3859 4229 4604 5351 5913 6401 6486 6634 7006 7424 7691 7973 
28 392 528 659 940 1077 1282 1708 2019 2465 2660 2704 2966 3100 3387 3585 3736 3965 4642 4978 5569 5680 6392 6795 7325 7487 7777 7920 8149 
27 393 610 1275 1504 1760 2094 2294 2525 2992 3389 4138 4343 4489 4840 5224 5661 5945 6054 6332 6540 6875 7145 7282 7456 7669 7923 8130 
14 394 637 1443 2249 2550 2981 3208 5032 6379 6788 7055 7466 7640 7816 
29 395 415 780 863 1080 1338 1555 1972 2124 2467 2735 3005 3209 3422 3656 4050 4395 4681 4972 5367 5681 5903 6094 6388 6760 7152 7444 7730 7993 
23 396 561 728 1040 1520 1967 2093 2650 3375 3975 4221 4874 5119 5404 5841 6139 6408 6656 6731 6893 7225 7500 7687 
30 397 401 904 1132 1711 1918 2169 2392 2527 2622 2797 3099 3310 3406 3746 3939 4119 4342 4765 5000 5199 5537 5807 6060 6336 6707 7064 7209 7358 7523 
28 398 442 967 1227 1483 1684 1930 2158 2339 2904 3301 3571 3917 3953 4286 4410 4822 5063 5580 5799 5908 6183 6274 6467 6954 7438 7769 8108 
28 399 520 726 995 1602 1815 2258 2673 2947 3282 3521 3675 3913 3990 4333 4608 4867 5013 5275 5446 5719 5901 6169 6346 6490 6666 7440 7937 
26 400 476 807 890 1302 1637 1911 2279 2509 2567 2764 3023 3526 3802 4224 4723 5106 5520 5607 5928 6085 6260 6718 7336 7512 7959 
